# JRE version: Java(TM) SE Runtime Environment (8.0_66-b17) (build 1.8.0_66-b17)
# Java VM: Java HotSpot(TM) 64-Bit Server VM (25.66-b17 mixed mode linux-amd64 compressed oops)
Heap:
 PSYoungGen      total 267264K, used 134273K [0x000000076ab00000, 0x000000078c700000, 0x00000007c0000000)
  eden space 260096K, 51% used [0x000000076ab00000,0x0000000772e207a8,0x000000077a900000)
  from space 7168K, 0% used [0x000000077a900000,0x000000077a900000,0x000000077b000000)
  to   space 16384K, 0% used [0x000000078b700000,0x000000078b700000,0x000000078c700000)
 ParOldGen       total 79872K, used 23264K [0x00000006c0000000, 0x00000006c4e00000, 0x000000076ab00000)
  object space 79872K, 29% used [0x00000006c0000000,0x00000006c16b8098,0x00000006c4e00000)
 Metaspace       used 25968K, capacity 26578K, committed 27008K, reserved 1073152K
  class space    used 3080K, capacity 3374K, committed 3456K, reserved 1048576K
GC Heap History (10 events):
Event: 0.455 GC heap before
{Heap before GC invocations=4 (full 0):
 PSYoungGen      total 70656K, used 67776K [0x000000076ab00000, 0x0000000773500000, 0x00000007c0000000)
  eden space 65536K, 100% used [0x000000076ab00000,0x000000076eb00000,0x000000076eb00000)
  from space 5120K, 43% used [0x000000076eb00000,0x000000076ed30030,0x000000076f000000)
  to   space 5120K, 0% used [0x0000000773000000,0x0000000773000000,0x0000000773500000)
 ParOldGen       total 86016K, used 8K [0x00000006c0000000, 0x00000006c5400000, 0x000000076ab00000)
  object space 86016K, 0% used [0x00000006c0000000,0x00000006c0002000,0x00000006c5400000)
 Metaspace       used 3990K, capacity 5004K, committed 5120K, reserved 1056768K
  class space    used 426K, capacity 456K, committed 512K, reserved 1048576K
Event: 0.461 GC heap after
Heap after GC invocations=4 (full 0):
 PSYoungGen      total 136192K, used 3152K [0x000000076ab00000, 0x0000000773500000, 0x00000007c0000000)
  eden space 131072K, 0% used [0x000000076ab00000,0x000000076ab00000,0x0000000772b00000)
  from space 5120K, 61% used [0x0000000773000000,0x0000000773314040,0x0000000773500000)
  to   space 5120K, 0% used [0x0000000772b00000,0x0000000772b00000,0x0000000773000000)
 ParOldGen       total 86016K, used 8K [0x00000006c0000000, 0x00000006c5400000, 0x000000076ab00000)
  object space 86016K, 0% used [0x00000006c0000000,0x00000006c0002000,0x00000006c5400000)
 Metaspace       used 3990K, capacity 5004K, committed 5120K, reserved 1056768K
  class space    used 426K, capacity 456K, committed 512K, reserved 1048576K
}
Event: 0.575 GC heap before
{Heap before GC invocations=5 (full 0):
 PSYoungGen      total 136192K, used 134224K [0x000000076ab00000, 0x0000000773500000, 0x00000007c0000000)
  eden space 131072K, 100% used [0x000000076ab00000,0x0000000772b00000,0x0000000772b00000)
  from space 5120K, 61% used [0x0000000773000000,0x0000000773314040,0x0000000773500000)
  to   space 5120K, 0% used [0x0000000772b00000,0x0000000772b00000,0x0000000773000000)
 ParOldGen       total 86016K, used 8K [0x00000006c0000000, 0x00000006c5400000, 0x000000076ab00000)
  object space 86016K, 0% used [0x00000006c0000000,0x00000006c0002000,0x00000006c5400000)
 Metaspace       used 3999K, capacity 5004K, committed 5120K, reserved 1056768K
  class space    used 426K, capacity 456K, committed 512K, reserved 1048576K
Event: 0.587 GC heap after
Heap after GC invocations=5 (full 0):
 PSYoungGen      total 136192K, used 4928K [0x000000076ab00000, 0x000000077b500000, 0x00000007c0000000)
  eden space 131072K, 0% used [0x000000076ab00000,0x000000076ab00000,0x0000000772b00000)
  from space 5120K, 96% used [0x0000000772b00000,0x0000000772fd0030,0x0000000773000000)
  to   space 5120K, 0% used [0x000000077b000000,0x000000077b000000,0x000000077b500000)
 ParOldGen       total 86016K, used 8K [0x00000006c0000000, 0x00000006c5400000, 0x000000076ab00000)
  object space 86016K, 0% used [0x00000006c0000000,0x00000006c0002000,0x00000006c5400000)
 Metaspace       used 3999K, capacity 5004K, committed 5120K, reserved 1056768K
  class space    used 426K, capacity 456K, committed 512K, reserved 1048576K
}
Event: 0.688 GC heap before
{Heap before GC invocations=6 (full 0):
 PSYoungGen      total 136192K, used 136000K [0x000000076ab00000, 0x000000077b500000, 0x00000007c0000000)
  eden space 131072K, 100% used [0x000000076ab00000,0x0000000772b00000,0x0000000772b00000)
  from space 5120K, 96% used [0x0000000772b00000,0x0000000772fd0030,0x0000000773000000)
  to   space 5120K, 0% used [0x000000077b000000,0x000000077b000000,0x000000077b500000)
 ParOldGen       total 86016K, used 8K [0x00000006c0000000, 0x00000006c5400000, 0x000000076ab00000)
  object space 86016K, 0% used [0x00000006c0000000,0x00000006c0002000,0x00000006c5400000)
 Metaspace       used 4010K, capacity 5004K, committed 5120K, reserved 1056768K
  class space    used 426K, capacity 456K, committed 512K, reserved 1048576K
Event: 0.700 GC heap after
Heap after GC invocations=6 (full 0):
 PSYoungGen      total 265216K, used 5104K [0x000000076ab00000, 0x000000077b900000, 0x00000007c0000000)
  eden space 260096K, 0% used [0x000000076ab00000,0x000000076ab00000,0x000000077a900000)
  from space 5120K, 99% used [0x000000077b000000,0x000000077b4fc040,0x000000077b500000)
  to   space 7168K, 0% used [0x000000077a900000,0x000000077a900000,0x000000077b000000)
 ParOldGen       total 86016K, used 1552K [0x00000006c0000000, 0x00000006c5400000, 0x000000076ab00000)
  object space 86016K, 1% used [0x00000006c0000000,0x00000006c0184000,0x00000006c5400000)
 Metaspace       used 4010K, capacity 5004K, committed 5120K, reserved 1056768K
  class space    used 426K, capacity 456K, committed 512K, reserved 1048576K
}
Event: 2.278 GC heap before
{Heap before GC invocations=7 (full 0):
 PSYoungGen      total 265216K, used 245411K [0x000000076ab00000, 0x000000077b900000, 0x00000007c0000000)
  eden space 260096K, 92% used [0x000000076ab00000,0x00000007795ace68,0x000000077a900000)
  from space 5120K, 99% used [0x000000077b000000,0x000000077b4fc040,0x000000077b500000)
  to   space 7168K, 0% used [0x000000077a900000,0x000000077a900000,0x000000077b000000)
 ParOldGen       total 86016K, used 1552K [0x00000006c0000000, 0x00000006c5400000, 0x000000076ab00000)
  object space 86016K, 1% used [0x00000006c0000000,0x00000006c0184000,0x00000006c5400000)
 Metaspace       used 20538K, capacity 21114K, committed 21248K, reserved 1067008K
  class space    used 2503K, capacity 2795K, committed 2816K, reserved 1048576K
Event: 2.314 GC heap after
Heap after GC invocations=7 (full 0):
 PSYoungGen      total 267264K, used 7152K [0x000000076ab00000, 0x000000078c700000, 0x00000007c0000000)
  eden space 260096K, 0% used [0x000000076ab00000,0x000000076ab00000,0x000000077a900000)
  from space 7168K, 99% used [0x000000077a900000,0x000000077affc020,0x000000077b000000)
  to   space 16384K, 0% used [0x000000078b700000,0x000000078b700000,0x000000078c700000)
 ParOldGen       total 86016K, used 16699K [0x00000006c0000000, 0x00000006c5400000, 0x000000076ab00000)
  object space 86016K, 19% used [0x00000006c0000000,0x00000006c104ee90,0x00000006c5400000)
 Metaspace       used 20538K, capacity 21114K, committed 21248K, reserved 1067008K
  class space    used 2503K, capacity 2795K, committed 2816K, reserved 1048576K
}
Event: 2.314 GC heap before
{Heap before GC invocations=8 (full 1):
 PSYoungGen      total 267264K, used 7152K [0x000000076ab00000, 0x000000078c700000, 0x00000007c0000000)
  eden space 260096K, 0% used [0x000000076ab00000,0x000000076ab00000,0x000000077a900000)
  from space 7168K, 99% used [0x000000077a900000,0x000000077affc020,0x000000077b000000)
  to   space 16384K, 0% used [0x000000078b700000,0x000000078b700000,0x000000078c700000)
 ParOldGen       total 86016K, used 16699K [0x00000006c0000000, 0x00000006c5400000, 0x000000076ab00000)
  object space 86016K, 19% used [0x00000006c0000000,0x00000006c104ee90,0x00000006c5400000)
 Metaspace       used 20538K, capacity 21114K, committed 21248K, reserved 1067008K
  class space    used 2503K, capacity 2795K, committed 2816K, reserved 1048576K
Event: 2.436 GC heap after
Heap after GC invocations=8 (full 1):
 PSYoungGen      total 267264K, used 0K [0x000000076ab00000, 0x000000078c700000, 0x00000007c0000000)
  eden space 260096K, 0% used [0x000000076ab00000,0x000000076ab00000,0x000000077a900000)
  from space 7168K, 0% used [0x000000077a900000,0x000000077a900000,0x000000077b000000)
  to   space 16384K, 0% used [0x000000078b700000,0x000000078b700000,0x000000078c700000)
 ParOldGen       total 79872K, used 23264K [0x00000006c0000000, 0x00000006c4e00000, 0x000000076ab00000)
  object space 79872K, 29% used [0x00000006c0000000,0x00000006c16b8098,0x00000006c4e00000)
 Metaspace       used 20530K, capacity 21096K, committed 21248K, reserved 1067008K
  class space    used 2502K, capacity 2789K, committed 2816K, reserved 1048576K
}

