# JRE version: Java(TM) SE Runtime Environment (8.0_66-b17) (build 1.8.0_66-b17)
# Java VM: Java HotSpot(TM) 64-Bit Server VM (25.66-b17 mixed mode linux-amd64 compressed oops)
Heap:
 PSYoungGen      total 1394176K, used 521138K [0x000000076ab00000, 0x00000007c0000000, 0x00000007c0000000)
  eden space 1390592K, 37% used [0x000000076ab00000,0x000000078a520930,0x00000007bf900000)
  from space 3584K, 79% used [0x00000007bfc80000,0x00000007bff4c050,0x00000007c0000000)
  to   space 3584K, 0% used [0x00000007bf900000,0x00000007bf900000,0x00000007bfc80000)
 ParOldGen       total 1295872K, used 584564K [0x00000006c0000000, 0x000000070f180000, 0x000000076ab00000)
  object space 1295872K, 45% used [0x00000006c0000000,0x00000006e3add238,0x000000070f180000)
 Metaspace       used 24562K, capacity 24984K, committed 25472K, reserved 1071104K
  class space    used 2589K, capacity 2789K, committed 2944K, reserved 1048576K
GC Heap History (10 events):
Event: 117423.501 GC heap before
{Heap before GC invocations=24565 (full 5):
 PSYoungGen      total 1394176K, used 1393360K [0x000000076ab00000, 0x00000007c0000000, 0x00000007c0000000)
  eden space 1390592K, 100% used [0x000000076ab00000,0x00000007bf900000,0x00000007bf900000)
  from space 3584K, 77% used [0x00000007bf900000,0x00000007bfbb4050,0x00000007bfc80000)
  to   space 3584K, 0% used [0x00000007bfc80000,0x00000007bfc80000,0x00000007c0000000)
 ParOldGen       total 1295872K, used 584220K [0x00000006c0000000, 0x000000070f180000, 0x000000076ab00000)
  object space 1295872K, 45% used [0x00000006c0000000,0x00000006e3a871f8,0x000000070f180000)
 Metaspace       used 24559K, capacity 24984K, committed 25472K, reserved 1071104K
  class space    used 2589K, capacity 2789K, committed 2944K, reserved 1048576K
Event: 117423.506 GC heap after
Heap after GC invocations=24565 (full 5):
 PSYoungGen      total 1394176K, used 3008K [0x000000076ab00000, 0x00000007c0000000, 0x00000007c0000000)
  eden space 1390592K, 0% used [0x000000076ab00000,0x000000076ab00000,0x00000007bf900000)
  from space 3584K, 83% used [0x00000007bfc80000,0x00000007bff70060,0x00000007c0000000)
  to   space 3584K, 0% used [0x00000007bf900000,0x00000007bf900000,0x00000007bfc80000)
 ParOldGen       total 1295872K, used 584288K [0x00000006c0000000, 0x000000070f180000, 0x000000076ab00000)
  object space 1295872K, 45% used [0x00000006c0000000,0x00000006e3a98208,0x000000070f180000)
 Metaspace       used 24559K, capacity 24984K, committed 25472K, reserved 1071104K
  class space    used 2589K, capacity 2789K, committed 2944K, reserved 1048576K
}
Event: 117426.701 GC heap before
{Heap before GC invocations=24566 (full 5):
 PSYoungGen      total 1394176K, used 1393600K [0x000000076ab00000, 0x00000007c0000000, 0x00000007c0000000)
  eden space 1390592K, 100% used [0x000000076ab00000,0x00000007bf900000,0x00000007bf900000)
  from space 3584K, 83% used [0x00000007bfc80000,0x00000007bff70060,0x00000007c0000000)
  to   space 3584K, 0% used [0x00000007bf900000,0x00000007bf900000,0x00000007bfc80000)
 ParOldGen       total 1295872K, used 584288K [0x00000006c0000000, 0x000000070f180000, 0x000000076ab00000)
  object space 1295872K, 45% used [0x00000006c0000000,0x00000006e3a98208,0x000000070f180000)
 Metaspace       used 24559K, capacity 24984K, committed 25472K, reserved 1071104K
  class space    used 2589K, capacity 2789K, committed 2944K, reserved 1048576K
Event: 117426.705 GC heap after
Heap after GC invocations=24566 (full 5):
 PSYoungGen      total 1394176K, used 3008K [0x000000076ab00000, 0x00000007c0000000, 0x00000007c0000000)
  eden space 1390592K, 0% used [0x000000076ab00000,0x000000076ab00000,0x00000007bf900000)
  from space 3584K, 83% used [0x00000007bf900000,0x00000007bfbf0040,0x00000007bfc80000)
  to   space 3584K, 0% used [0x00000007bfc80000,0x00000007bfc80000,0x00000007c0000000)
 ParOldGen       total 1295872K, used 584348K [0x00000006c0000000, 0x000000070f180000, 0x000000076ab00000)
  object space 1295872K, 45% used [0x00000006c0000000,0x00000006e3aa7218,0x000000070f180000)
 Metaspace       used 24559K, capacity 24984K, committed 25472K, reserved 1071104K
  class space    used 2589K, capacity 2789K, committed 2944K, reserved 1048576K
}
Event: 117430.191 GC heap before
{Heap before GC invocations=24567 (full 5):
 PSYoungGen      total 1394176K, used 1393600K [0x000000076ab00000, 0x00000007c0000000, 0x00000007c0000000)
  eden space 1390592K, 100% used [0x000000076ab00000,0x00000007bf900000,0x00000007bf900000)
  from space 3584K, 83% used [0x00000007bf900000,0x00000007bfbf0040,0x00000007bfc80000)
  to   space 3584K, 0% used [0x00000007bfc80000,0x00000007bfc80000,0x00000007c0000000)
 ParOldGen       total 1295872K, used 584348K [0x00000006c0000000, 0x000000070f180000, 0x000000076ab00000)
  object space 1295872K, 45% used [0x00000006c0000000,0x00000006e3aa7218,0x000000070f180000)
 Metaspace       used 24559K, capacity 24984K, committed 25472K, reserved 1071104K
  class space    used 2589K, capacity 2789K, committed 2944K, reserved 1048576K
Event: 117430.196 GC heap after
Heap after GC invocations=24567 (full 5):
 PSYoungGen      total 1394176K, used 3072K [0x000000076ab00000, 0x00000007c0000000, 0x00000007c0000000)
  eden space 1390592K, 0% used [0x000000076ab00000,0x000000076ab00000,0x00000007bf900000)
  from space 3584K, 85% used [0x00000007bfc80000,0x00000007bff80080,0x00000007c0000000)
  to   space 3584K, 0% used [0x00000007bf900000,0x00000007bf900000,0x00000007bfc80000)
 ParOldGen       total 1295872K, used 584424K [0x00000006c0000000, 0x000000070f180000, 0x000000076ab00000)
  object space 1295872K, 45% used [0x00000006c0000000,0x00000006e3aba228,0x000000070f180000)
 Metaspace       used 24559K, capacity 24984K, committed 25472K, reserved 1071104K
  class space    used 2589K, capacity 2789K, committed 2944K, reserved 1048576K
}
Event: 117433.457 GC heap before
{Heap before GC invocations=24568 (full 5):
 PSYoungGen      total 1394176K, used 1393664K [0x000000076ab00000, 0x00000007c0000000, 0x00000007c0000000)
  eden space 1390592K, 100% used [0x000000076ab00000,0x00000007bf900000,0x00000007bf900000)
  from space 3584K, 85% used [0x00000007bfc80000,0x00000007bff80080,0x00000007c0000000)
  to   space 3584K, 0% used [0x00000007bf900000,0x00000007bf900000,0x00000007bfc80000)
 ParOldGen       total 1295872K, used 584424K [0x00000006c0000000, 0x000000070f180000, 0x000000076ab00000)
  object space 1295872K, 45% used [0x00000006c0000000,0x00000006e3aba228,0x000000070f180000)
 Metaspace       used 24559K, capacity 24984K, committed 25472K, reserved 1071104K
  class space    used 2589K, capacity 2789K, committed 2944K, reserved 1048576K
Event: 117433.461 GC heap after
Heap after GC invocations=24568 (full 5):
 PSYoungGen      total 1394176K, used 2944K [0x000000076ab00000, 0x00000007c0000000, 0x00000007c0000000)
  eden space 1390592K, 0% used [0x000000076ab00000,0x000000076ab00000,0x00000007bf900000)
  from space 3584K, 82% used [0x00000007bf900000,0x00000007bfbe0060,0x00000007bfc80000)
  to   space 3584K, 0% used [0x00000007bfc80000,0x00000007bfc80000,0x00000007c0000000)
 ParOldGen       total 1295872K, used 584492K [0x00000006c0000000, 0x000000070f180000, 0x000000076ab00000)
  object space 1295872K, 45% used [0x00000006c0000000,0x00000006e3acb238,0x000000070f180000)
 Metaspace       used 24559K, capacity 24984K, committed 25472K, reserved 1071104K
  class space    used 2589K, capacity 2789K, committed 2944K, reserved 1048576K
}
Event: 117436.655 GC heap before
{Heap before GC invocations=24569 (full 5):
 PSYoungGen      total 1394176K, used 1393536K [0x000000076ab00000, 0x00000007c0000000, 0x00000007c0000000)
  eden space 1390592K, 100% used [0x000000076ab00000,0x00000007bf900000,0x00000007bf900000)
  from space 3584K, 82% used [0x00000007bf900000,0x00000007bfbe0060,0x00000007bfc80000)
  to   space 3584K, 0% used [0x00000007bfc80000,0x00000007bfc80000,0x00000007c0000000)
 ParOldGen       total 1295872K, used 584492K [0x00000006c0000000, 0x000000070f180000, 0x000000076ab00000)
  object space 1295872K, 45% used [0x00000006c0000000,0x00000006e3acb238,0x000000070f180000)
 Metaspace       used 24559K, capacity 24984K, committed 25472K, reserved 1071104K
  class space    used 2589K, capacity 2789K, committed 2944K, reserved 1048576K
Event: 117436.659 GC heap after
Heap after GC invocations=24569 (full 5):
 PSYoungGen      total 1394176K, used 2864K [0x000000076ab00000, 0x00000007c0000000, 0x00000007c0000000)
  eden space 1390592K, 0% used [0x000000076ab00000,0x000000076ab00000,0x00000007bf900000)
  from space 3584K, 79% used [0x00000007bfc80000,0x00000007bff4c050,0x00000007c0000000)
  to   space 3584K, 0% used [0x00000007bf900000,0x00000007bf900000,0x00000007bfc80000)
 ParOldGen       total 1295872K, used 584564K [0x00000006c0000000, 0x000000070f180000, 0x000000076ab00000)
  object space 1295872K, 45% used [0x00000006c0000000,0x00000006e3add238,0x000000070f180000)
 Metaspace       used 24559K, capacity 24984K, committed 25472K, reserved 1071104K
  class space    used 2589K, capacity 2789K, committed 2944K, reserved 1048576K
}

