# JRE version: Java(TM) SE Runtime Environment (8.0_66-b17) (build 1.8.0_66-b17)
# Java VM: Java HotSpot(TM) 64-Bit Server VM (25.66-b17 mixed mode linux-amd64 compressed oops)
Heap:
 PSYoungGen      total 1396224K, used 691080K [0x000000076ab00000, 0x00000007c0000000, 0x00000007c0000000)
  eden space 1394688K, 49% used [0x000000076ab00000,0x0000000794c9a328,0x00000007bfd00000)
  from space 1536K, 85% used [0x00000007bfd00000,0x00000007bfe48040,0x00000007bfe80000)
  to   space 1536K, 0% used [0x00000007bfe80000,0x00000007bfe80000,0x00000007c0000000)
 ParOldGen       total 628736K, used 64116K [0x00000006c0000000, 0x00000006e6600000, 0x000000076ab00000)
  object space 628736K, 10% used [0x00000006c0000000,0x00000006c3e9d1c8,0x00000006e6600000)
 Metaspace       used 25326K, capacity 25740K, committed 26368K, reserved 1073152K
  class space    used 2739K, capacity 2915K, committed 3072K, reserved 1048576K
GC Heap History (10 events):
Event: 20405.839 GC heap before
{Heap before GC invocations=9914 (full 3):
 PSYoungGen      total 1396224K, used 1395872K [0x000000076ab00000, 0x00000007c0000000, 0x00000007c0000000)
  eden space 1394688K, 100% used [0x000000076ab00000,0x00000007bfd00000,0x00000007bfd00000)
  from space 1536K, 77% used [0x00000007bfe80000,0x00000007bffa8040,0x00000007c0000000)
  to   space 1536K, 0% used [0x00000007bfd00000,0x00000007bfd00000,0x00000007bfe80000)
 ParOldGen       total 628736K, used 63900K [0x00000006c0000000, 0x00000006e6600000, 0x000000076ab00000)
  object space 628736K, 10% used [0x00000006c0000000,0x00000006c3e671c8,0x00000006e6600000)
 Metaspace       used 25323K, capacity 25740K, committed 26368K, reserved 1073152K
  class space    used 2739K, capacity 2915K, committed 3072K, reserved 1048576K
Event: 20405.841 GC heap after
Heap after GC invocations=9914 (full 3):
 PSYoungGen      total 1396224K, used 1168K [0x000000076ab00000, 0x00000007c0000000, 0x00000007c0000000)
  eden space 1394688K, 0% used [0x000000076ab00000,0x000000076ab00000,0x00000007bfd00000)
  from space 1536K, 76% used [0x00000007bfd00000,0x00000007bfe24030,0x00000007bfe80000)
  to   space 1536K, 0% used [0x00000007bfe80000,0x00000007bfe80000,0x00000007c0000000)
 ParOldGen       total 628736K, used 63900K [0x00000006c0000000, 0x00000006e6600000, 0x000000076ab00000)
  object space 628736K, 10% used [0x00000006c0000000,0x00000006c3e671c8,0x00000006e6600000)
 Metaspace       used 25323K, capacity 25740K, committed 26368K, reserved 1073152K
  class space    used 2739K, capacity 2915K, committed 3072K, reserved 1048576K
}
Event: 20408.575 GC heap before
{Heap before GC invocations=9915 (full 3):
 PSYoungGen      total 1396224K, used 1395856K [0x000000076ab00000, 0x00000007c0000000, 0x00000007c0000000)
  eden space 1394688K, 100% used [0x000000076ab00000,0x00000007bfd00000,0x00000007bfd00000)
  from space 1536K, 76% used [0x00000007bfd00000,0x00000007bfe24030,0x00000007bfe80000)
  to   space 1536K, 0% used [0x00000007bfe80000,0x00000007bfe80000,0x00000007c0000000)
 ParOldGen       total 628736K, used 63900K [0x00000006c0000000, 0x00000006e6600000, 0x000000076ab00000)
  object space 628736K, 10% used [0x00000006c0000000,0x00000006c3e671c8,0x00000006e6600000)
 Metaspace       used 25323K, capacity 25740K, committed 26368K, reserved 1073152K
  class space    used 2739K, capacity 2915K, committed 3072K, reserved 1048576K
Event: 20408.577 GC heap after
Heap after GC invocations=9915 (full 3):
 PSYoungGen      total 1396224K, used 1360K [0x000000076ab00000, 0x00000007c0000000, 0x00000007c0000000)
  eden space 1394688K, 0% used [0x000000076ab00000,0x000000076ab00000,0x00000007bfd00000)
  from space 1536K, 88% used [0x00000007bfe80000,0x00000007bffd4050,0x00000007c0000000)
  to   space 1536K, 0% used [0x00000007bfd00000,0x00000007bfd00000,0x00000007bfe80000)
 ParOldGen       total 628736K, used 63948K [0x00000006c0000000, 0x00000006e6600000, 0x000000076ab00000)
  object space 628736K, 10% used [0x00000006c0000000,0x00000006c3e731c8,0x00000006e6600000)
 Metaspace       used 25323K, capacity 25740K, committed 26368K, reserved 1073152K
  class space    used 2739K, capacity 2915K, committed 3072K, reserved 1048576K
}
Event: 20411.228 GC heap before
{Heap before GC invocations=9916 (full 3):
 PSYoungGen      total 1396224K, used 1396048K [0x000000076ab00000, 0x00000007c0000000, 0x00000007c0000000)
  eden space 1394688K, 100% used [0x000000076ab00000,0x00000007bfd00000,0x00000007bfd00000)
  from space 1536K, 88% used [0x00000007bfe80000,0x00000007bffd4050,0x00000007c0000000)
  to   space 1536K, 0% used [0x00000007bfd00000,0x00000007bfd00000,0x00000007bfe80000)
 ParOldGen       total 628736K, used 63948K [0x00000006c0000000, 0x00000006e6600000, 0x000000076ab00000)
  object space 628736K, 10% used [0x00000006c0000000,0x00000006c3e731c8,0x00000006e6600000)
 Metaspace       used 25323K, capacity 25740K, committed 26368K, reserved 1073152K
  class space    used 2739K, capacity 2915K, committed 3072K, reserved 1048576K
Event: 20411.230 GC heap after
Heap after GC invocations=9916 (full 3):
 PSYoungGen      total 1396224K, used 1152K [0x000000076ab00000, 0x00000007c0000000, 0x00000007c0000000)
  eden space 1394688K, 0% used [0x000000076ab00000,0x000000076ab00000,0x00000007bfd00000)
  from space 1536K, 75% used [0x00000007bfd00000,0x00000007bfe20040,0x00000007bfe80000)
  to   space 1536K, 0% used [0x00000007bfe80000,0x00000007bfe80000,0x00000007c0000000)
 ParOldGen       total 628736K, used 64004K [0x00000006c0000000, 0x00000006e6600000, 0x000000076ab00000)
  object space 628736K, 10% used [0x00000006c0000000,0x00000006c3e811c8,0x00000006e6600000)
 Metaspace       used 25323K, capacity 25740K, committed 26368K, reserved 1073152K
  class space    used 2739K, capacity 2915K, committed 3072K, reserved 1048576K
}
Event: 20413.964 GC heap before
{Heap before GC invocations=9917 (full 3):
 PSYoungGen      total 1396224K, used 1395840K [0x000000076ab00000, 0x00000007c0000000, 0x00000007c0000000)
  eden space 1394688K, 100% used [0x000000076ab00000,0x00000007bfd00000,0x00000007bfd00000)
  from space 1536K, 75% used [0x00000007bfd00000,0x00000007bfe20040,0x00000007bfe80000)
  to   space 1536K, 0% used [0x00000007bfe80000,0x00000007bfe80000,0x00000007c0000000)
 ParOldGen       total 628736K, used 64004K [0x00000006c0000000, 0x00000006e6600000, 0x000000076ab00000)
  object space 628736K, 10% used [0x00000006c0000000,0x00000006c3e811c8,0x00000006e6600000)
 Metaspace       used 25323K, capacity 25740K, committed 26368K, reserved 1073152K
  class space    used 2739K, capacity 2915K, committed 3072K, reserved 1048576K
Event: 20413.966 GC heap after
Heap after GC invocations=9917 (full 3):
 PSYoungGen      total 1396224K, used 1280K [0x000000076ab00000, 0x00000007c0000000, 0x00000007c0000000)
  eden space 1394688K, 0% used [0x000000076ab00000,0x000000076ab00000,0x00000007bfd00000)
  from space 1536K, 83% used [0x00000007bfe80000,0x00000007bffc0040,0x00000007c0000000)
  to   space 1536K, 0% used [0x00000007bfd00000,0x00000007bfd00000,0x00000007bfe80000)
 ParOldGen       total 628736K, used 64060K [0x00000006c0000000, 0x00000006e6600000, 0x000000076ab00000)
  object space 628736K, 10% used [0x00000006c0000000,0x00000006c3e8f1c8,0x00000006e6600000)
 Metaspace       used 25323K, capacity 25740K, committed 26368K, reserved 1073152K
  class space    used 2739K, capacity 2915K, committed 3072K, reserved 1048576K
}
Event: 20416.487 GC heap before
{Heap before GC invocations=9918 (full 3):
 PSYoungGen      total 1396224K, used 1395968K [0x000000076ab00000, 0x00000007c0000000, 0x00000007c0000000)
  eden space 1394688K, 100% used [0x000000076ab00000,0x00000007bfd00000,0x00000007bfd00000)
  from space 1536K, 83% used [0x00000007bfe80000,0x00000007bffc0040,0x00000007c0000000)
  to   space 1536K, 0% used [0x00000007bfd00000,0x00000007bfd00000,0x00000007bfe80000)
 ParOldGen       total 628736K, used 64060K [0x00000006c0000000, 0x00000006e6600000, 0x000000076ab00000)
  object space 628736K, 10% used [0x00000006c0000000,0x00000006c3e8f1c8,0x00000006e6600000)
 Metaspace       used 25323K, capacity 25740K, committed 26368K, reserved 1073152K
  class space    used 2739K, capacity 2915K, committed 3072K, reserved 1048576K
Event: 20416.489 GC heap after
Heap after GC invocations=9918 (full 3):
 PSYoungGen      total 1396224K, used 1312K [0x000000076ab00000, 0x00000007c0000000, 0x00000007c0000000)
  eden space 1394688K, 0% used [0x000000076ab00000,0x000000076ab00000,0x00000007bfd00000)
  from space 1536K, 85% used [0x00000007bfd00000,0x00000007bfe48040,0x00000007bfe80000)
  to   space 1536K, 0% used [0x00000007bfe80000,0x00000007bfe80000,0x00000007c0000000)
 ParOldGen       total 628736K, used 64116K [0x00000006c0000000, 0x00000006e6600000, 0x000000076ab00000)
  object space 628736K, 10% used [0x00000006c0000000,0x00000006c3e9d1c8,0x00000006e6600000)
 Metaspace       used 25323K, capacity 25740K, committed 26368K, reserved 1073152K
  class space    used 2739K, capacity 2915K, committed 3072K, reserved 1048576K
}

