# JRE version: Java(TM) SE Runtime Environment (8.0_66-b17) (build 1.8.0_66-b17)
# Java VM: Java HotSpot(TM) 64-Bit Server VM (25.66-b17 mixed mode linux-amd64 compressed oops)
Heap:
 PSYoungGen      total 62464K, used 10291K [0x000000076ab00000, 0x00000007a5900000, 0x00000007c0000000)
  eden space 61440K, 15% used [0x000000076ab00000,0x000000076b454f60,0x000000076e700000)
  from space 1024K, 71% used [0x00000007a5800000,0x00000007a58b8040,0x00000007a5900000)
  to   space 1024K, 0% used [0x00000007a5700000,0x00000007a5700000,0x00000007a5800000)
 ParOldGen       total 263168K, used 113854K [0x00000006c0000000, 0x00000006d0100000, 0x000000076ab00000)
  object space 263168K, 43% used [0x00000006c0000000,0x00000006c6f2f938,0x00000006d0100000)
 Metaspace       used 25212K, capacity 25704K, committed 26112K, reserved 1073152K
  class space    used 2798K, capacity 3047K, committed 3072K, reserved 1048576K
GC Heap History (10 events):
Event: 891.571 GC heap before
{Heap before GC invocations=1141 (full 1):
 PSYoungGen      total 65024K, used 64704K [0x000000076ab00000, 0x00000007a5b80000, 0x00000007c0000000)
  eden space 64000K, 100% used [0x000000076ab00000,0x000000076e980000,0x000000076e980000)
  from space 1024K, 68% used [0x00000007a5900000,0x00000007a59b0040,0x00000007a5a00000)
  to   space 1536K, 0% used [0x00000007a5a00000,0x00000007a5a00000,0x00000007a5b80000)
 ParOldGen       total 263168K, used 113666K [0x00000006c0000000, 0x00000006d0100000, 0x000000076ab00000)
  object space 263168K, 43% used [0x00000006c0000000,0x00000006c6f00928,0x00000006d0100000)
 Metaspace       used 25209K, capacity 25704K, committed 26112K, reserved 1073152K
  class space    used 2797K, capacity 3047K, committed 3072K, reserved 1048576K
Event: 891.573 GC heap after
Heap after GC invocations=1141 (full 1):
 PSYoungGen      total 64512K, used 640K [0x000000076ab00000, 0x00000007a5b00000, 0x00000007c0000000)
  eden space 63488K, 0% used [0x000000076ab00000,0x000000076ab00000,0x000000076e900000)
  from space 1024K, 62% used [0x00000007a5a00000,0x00000007a5aa0020,0x00000007a5b00000)
  to   space 1536K, 0% used [0x00000007a5800000,0x00000007a5800000,0x00000007a5980000)
 ParOldGen       total 263168K, used 113698K [0x00000006c0000000, 0x00000006d0100000, 0x000000076ab00000)
  object space 263168K, 43% used [0x00000006c0000000,0x00000006c6f08928,0x00000006d0100000)
 Metaspace       used 25209K, capacity 25704K, committed 26112K, reserved 1073152K
  class space    used 2797K, capacity 3047K, committed 3072K, reserved 1048576K
}
Event: 892.266 GC heap before
{Heap before GC invocations=1142 (full 1):
 PSYoungGen      total 64512K, used 64128K [0x000000076ab00000, 0x00000007a5b00000, 0x00000007c0000000)
  eden space 63488K, 100% used [0x000000076ab00000,0x000000076e900000,0x000000076e900000)
  from space 1024K, 62% used [0x00000007a5a00000,0x00000007a5aa0020,0x00000007a5b00000)
  to   space 1536K, 0% used [0x00000007a5800000,0x00000007a5800000,0x00000007a5980000)
 ParOldGen       total 263168K, used 113698K [0x00000006c0000000, 0x00000006d0100000, 0x000000076ab00000)
  object space 263168K, 43% used [0x00000006c0000000,0x00000006c6f08928,0x00000006d0100000)
 Metaspace       used 25209K, capacity 25704K, committed 26112K, reserved 1073152K
  class space    used 2797K, capacity 3047K, committed 3072K, reserved 1048576K
Event: 892.268 GC heap after
Heap after GC invocations=1142 (full 1):
 PSYoungGen      total 64000K, used 672K [0x000000076ab00000, 0x00000007a5a80000, 0x00000007c0000000)
  eden space 62976K, 0% used [0x000000076ab00000,0x000000076ab00000,0x000000076e880000)
  from space 1024K, 65% used [0x00000007a5800000,0x00000007a58a8040,0x00000007a5900000)
  to   space 1536K, 0% used [0x00000007a5900000,0x00000007a5900000,0x00000007a5a80000)
 ParOldGen       total 263168K, used 113746K [0x00000006c0000000, 0x00000006d0100000, 0x000000076ab00000)
  object space 263168K, 43% used [0x00000006c0000000,0x00000006c6f14928,0x00000006d0100000)
 Metaspace       used 25209K, capacity 25704K, committed 26112K, reserved 1073152K
  class space    used 2797K, capacity 3047K, committed 3072K, reserved 1048576K
}
Event: 892.923 GC heap before
{Heap before GC invocations=1143 (full 1):
 PSYoungGen      total 64000K, used 63648K [0x000000076ab00000, 0x00000007a5a80000, 0x00000007c0000000)
  eden space 62976K, 100% used [0x000000076ab00000,0x000000076e880000,0x000000076e880000)
  from space 1024K, 65% used [0x00000007a5800000,0x00000007a58a8040,0x00000007a5900000)
  to   space 1536K, 0% used [0x00000007a5900000,0x00000007a5900000,0x00000007a5a80000)
 ParOldGen       total 263168K, used 113746K [0x00000006c0000000, 0x00000006d0100000, 0x000000076ab00000)
  object space 263168K, 43% used [0x00000006c0000000,0x00000006c6f14928,0x00000006d0100000)
 Metaspace       used 25209K, capacity 25704K, committed 26112K, reserved 1073152K
  class space    used 2797K, capacity 3047K, committed 3072K, reserved 1048576K
Event: 892.925 GC heap after
Heap after GC invocations=1143 (full 1):
 PSYoungGen      total 63488K, used 832K [0x000000076ab00000, 0x00000007a5a00000, 0x00000007c0000000)
  eden space 62464K, 0% used [0x000000076ab00000,0x000000076ab00000,0x000000076e800000)
  from space 1024K, 81% used [0x00000007a5900000,0x00000007a59d0040,0x00000007a5a00000)
  to   space 1536K, 0% used [0x00000007a5700000,0x00000007a5700000,0x00000007a5880000)
 ParOldGen       total 263168K, used 113778K [0x00000006c0000000, 0x00000006d0100000, 0x000000076ab00000)
  object space 263168K, 43% used [0x00000006c0000000,0x00000006c6f1c928,0x00000006d0100000)
 Metaspace       used 25209K, capacity 25704K, committed 26112K, reserved 1073152K
  class space    used 2797K, capacity 3047K, committed 3072K, reserved 1048576K
}
Event: 893.614 GC heap before
{Heap before GC invocations=1144 (full 1):
 PSYoungGen      total 63488K, used 63296K [0x000000076ab00000, 0x00000007a5a00000, 0x00000007c0000000)
  eden space 62464K, 100% used [0x000000076ab00000,0x000000076e800000,0x000000076e800000)
  from space 1024K, 81% used [0x00000007a5900000,0x00000007a59d0040,0x00000007a5a00000)
  to   space 1536K, 0% used [0x00000007a5700000,0x00000007a5700000,0x00000007a5880000)
 ParOldGen       total 263168K, used 113778K [0x00000006c0000000, 0x00000006d0100000, 0x000000076ab00000)
  object space 263168K, 43% used [0x00000006c0000000,0x00000006c6f1c928,0x00000006d0100000)
 Metaspace       used 25209K, capacity 25704K, committed 26112K, reserved 1073152K
  class space    used 2797K, capacity 3047K, committed 3072K, reserved 1048576K
Event: 893.616 GC heap after
Heap after GC invocations=1144 (full 1):
 PSYoungGen      total 62976K, used 768K [0x000000076ab00000, 0x00000007a5980000, 0x00000007c0000000)
  eden space 61952K, 0% used [0x000000076ab00000,0x000000076ab00000,0x000000076e780000)
  from space 1024K, 75% used [0x00000007a5700000,0x00000007a57c0040,0x00000007a5800000)
  to   space 1536K, 0% used [0x00000007a5800000,0x00000007a5800000,0x00000007a5980000)
 ParOldGen       total 263168K, used 113838K [0x00000006c0000000, 0x00000006d0100000, 0x000000076ab00000)
  object space 263168K, 43% used [0x00000006c0000000,0x00000006c6f2b938,0x00000006d0100000)
 Metaspace       used 25209K, capacity 25704K, committed 26112K, reserved 1073152K
  class space    used 2797K, capacity 3047K, committed 3072K, reserved 1048576K
}
Event: 894.280 GC heap before
{Heap before GC invocations=1145 (full 1):
 PSYoungGen      total 62976K, used 62720K [0x000000076ab00000, 0x00000007a5980000, 0x00000007c0000000)
  eden space 61952K, 100% used [0x000000076ab00000,0x000000076e780000,0x000000076e780000)
  from space 1024K, 75% used [0x00000007a5700000,0x00000007a57c0040,0x00000007a5800000)
  to   space 1536K, 0% used [0x00000007a5800000,0x00000007a5800000,0x00000007a5980000)
 ParOldGen       total 263168K, used 113838K [0x00000006c0000000, 0x00000006d0100000, 0x000000076ab00000)
  object space 263168K, 43% used [0x00000006c0000000,0x00000006c6f2b938,0x00000006d0100000)
 Metaspace       used 25209K, capacity 25704K, committed 26112K, reserved 1073152K
  class space    used 2797K, capacity 3047K, committed 3072K, reserved 1048576K
Event: 894.282 GC heap after
Heap after GC invocations=1145 (full 1):
 PSYoungGen      total 62464K, used 736K [0x000000076ab00000, 0x00000007a5900000, 0x00000007c0000000)
  eden space 61440K, 0% used [0x000000076ab00000,0x000000076ab00000,0x000000076e700000)
  from space 1024K, 71% used [0x00000007a5800000,0x00000007a58b8040,0x00000007a5900000)
  to   space 1024K, 0% used [0x00000007a5700000,0x00000007a5700000,0x00000007a5800000)
 ParOldGen       total 263168K, used 113854K [0x00000006c0000000, 0x00000006d0100000, 0x000000076ab00000)
  object space 263168K, 43% used [0x00000006c0000000,0x00000006c6f2f938,0x00000006d0100000)
 Metaspace       used 25209K, capacity 25704K, committed 26112K, reserved 1073152K
  class space    used 2797K, capacity 3047K, committed 3072K, reserved 1048576K
}

