# JRE version: Java(TM) SE Runtime Environment (8.0_66-b17) (build 1.8.0_66-b17)
# Java VM: Java HotSpot(TM) 64-Bit Server VM (25.66-b17 mixed mode linux-amd64 compressed oops)
Heap:
 PSYoungGen      total 1372672K, used 1176241K [0x000000076ab00000, 0x00000007c0000000, 0x00000007c0000000)
  eden space 1347584K, 85% used [0x000000076ab00000,0x00000007b1384640,0x00000007bcf00000)
  from space 25088K, 82% used [0x00000007bcf00000,0x00000007be3281a0,0x00000007be780000)
  to   space 25088K, 0% used [0x00000007be780000,0x00000007be780000,0x00000007c0000000)
 ParOldGen       total 1847808K, used 1615335K [0x00000006c0000000, 0x0000000730c80000, 0x000000076ab00000)
  object space 1847808K, 87% used [0x00000006c0000000,0x0000000722979ea0,0x0000000730c80000)
 Metaspace       used 25441K, capacity 25960K, committed 26368K, reserved 1073152K
  class space    used 2803K, capacity 3047K, committed 3072K, reserved 1048576K
GC Heap History (10 events):
Event: 1747.308 GC heap before
{Heap before GC invocations=890 (full 13):
 PSYoungGen      total 1373184K, used 1371632K [0x000000076ab00000, 0x00000007c0000000, 0x00000007c0000000)
  eden space 1350656K, 100% used [0x000000076ab00000,0x00000007bd200000,0x00000007bd200000)
  from space 22528K, 93% used [0x00000007bea00000,0x00000007bfe7c150,0x00000007c0000000)
  to   space 23552K, 0% used [0x00000007bd200000,0x00000007bd200000,0x00000007be900000)
 ParOldGen       total 1847808K, used 1528219K [0x00000006c0000000, 0x0000000730c80000, 0x000000076ab00000)
  object space 1847808K, 82% used [0x00000006c0000000,0x000000071d466df0,0x0000000730c80000)
 Metaspace       used 25438K, capacity 25960K, committed 26368K, reserved 1073152K
  class space    used 2802K, capacity 3047K, committed 3072K, reserved 1048576K
Event: 1747.340 GC heap after
Heap after GC invocations=890 (full 13):
 PSYoungGen      total 1372160K, used 21168K [0x000000076ab00000, 0x00000007c0000000, 0x00000007c0000000)
  eden space 1350656K, 0% used [0x000000076ab00000,0x000000076ab00000,0x00000007bd200000)
  from space 21504K, 98% used [0x00000007bd200000,0x00000007be6ac1d0,0x00000007be700000)
  to   space 24064K, 0% used [0x00000007be880000,0x00000007be880000,0x00000007c0000000)
 ParOldGen       total 1847808K, used 1545567K [0x00000006c0000000, 0x0000000730c80000, 0x000000076ab00000)
  object space 1847808K, 83% used [0x00000006c0000000,0x000000071e557e20,0x0000000730c80000)
 Metaspace       used 25438K, capacity 25960K, committed 26368K, reserved 1073152K
  class space    used 2802K, capacity 3047K, committed 3072K, reserved 1048576K
}
Event: 1749.925 GC heap before
{Heap before GC invocations=891 (full 13):
 PSYoungGen      total 1372160K, used 1371824K [0x000000076ab00000, 0x00000007c0000000, 0x00000007c0000000)
  eden space 1350656K, 100% used [0x000000076ab00000,0x00000007bd200000,0x00000007bd200000)
  from space 21504K, 98% used [0x00000007bd200000,0x00000007be6ac1d0,0x00000007be700000)
  to   space 24064K, 0% used [0x00000007be880000,0x00000007be880000,0x00000007c0000000)
 ParOldGen       total 1847808K, used 1545567K [0x00000006c0000000, 0x0000000730c80000, 0x000000076ab00000)
  object space 1847808K, 83% used [0x00000006c0000000,0x000000071e557e20,0x0000000730c80000)
 Metaspace       used 25438K, capacity 25960K, committed 26368K, reserved 1073152K
  class space    used 2802K, capacity 3047K, committed 3072K, reserved 1048576K
Event: 1749.954 GC heap after
Heap after GC invocations=891 (full 13):
 PSYoungGen      total 1373696K, used 20544K [0x000000076ab00000, 0x00000007c0000000, 0x00000007c0000000)
  eden space 1349632K, 0% used [0x000000076ab00000,0x000000076ab00000,0x00000007bd100000)
  from space 24064K, 85% used [0x00000007be880000,0x00000007bfc90120,0x00000007c0000000)
  to   space 24064K, 0% used [0x00000007bd100000,0x00000007bd100000,0x00000007be880000)
 ParOldGen       total 1847808K, used 1563119K [0x00000006c0000000, 0x0000000730c80000, 0x000000076ab00000)
  object space 1847808K, 84% used [0x00000006c0000000,0x000000071f67be40,0x0000000730c80000)
 Metaspace       used 25438K, capacity 25960K, committed 26368K, reserved 1073152K
  class space    used 2802K, capacity 3047K, committed 3072K, reserved 1048576K
}
Event: 1754.258 GC heap before
{Heap before GC invocations=892 (full 13):
 PSYoungGen      total 1373696K, used 1370176K [0x000000076ab00000, 0x00000007c0000000, 0x00000007c0000000)
  eden space 1349632K, 100% used [0x000000076ab00000,0x00000007bd100000,0x00000007bd100000)
  from space 24064K, 85% used [0x00000007be880000,0x00000007bfc90120,0x00000007c0000000)
  to   space 24064K, 0% used [0x00000007bd100000,0x00000007bd100000,0x00000007be880000)
 ParOldGen       total 1847808K, used 1563119K [0x00000006c0000000, 0x0000000730c80000, 0x000000076ab00000)
  object space 1847808K, 84% used [0x00000006c0000000,0x000000071f67be40,0x0000000730c80000)
 Metaspace       used 25438K, capacity 25960K, committed 26368K, reserved 1073152K
  class space    used 2802K, capacity 3047K, committed 3072K, reserved 1048576K
Event: 1754.287 GC heap after
Heap after GC invocations=892 (full 13):
 PSYoungGen      total 1370112K, used 20336K [0x000000076ab00000, 0x00000007c0000000, 0x00000007c0000000)
  eden space 1349632K, 0% used [0x000000076ab00000,0x000000076ab00000,0x00000007bd100000)
  from space 20480K, 99% used [0x00000007bd100000,0x00000007be4dc0f0,0x00000007be500000)
  to   space 24576K, 0% used [0x00000007be800000,0x00000007be800000,0x00000007c0000000)
 ParOldGen       total 1847808K, used 1580411K [0x00000006c0000000, 0x0000000730c80000, 0x000000076ab00000)
  object space 1847808K, 85% used [0x00000006c0000000,0x000000072075ee50,0x0000000730c80000)
 Metaspace       used 25438K, capacity 25960K, committed 26368K, reserved 1073152K
  class space    used 2802K, capacity 3047K, committed 3072K, reserved 1048576K
}
Event: 1756.946 GC heap before
{Heap before GC invocations=893 (full 13):
 PSYoungGen      total 1370112K, used 1369968K [0x000000076ab00000, 0x00000007c0000000, 0x00000007c0000000)
  eden space 1349632K, 100% used [0x000000076ab00000,0x00000007bd100000,0x00000007bd100000)
  from space 20480K, 99% used [0x00000007bd100000,0x00000007be4dc0f0,0x00000007be500000)
  to   space 24576K, 0% used [0x00000007be800000,0x00000007be800000,0x00000007c0000000)
 ParOldGen       total 1847808K, used 1580411K [0x00000006c0000000, 0x0000000730c80000, 0x000000076ab00000)
  object space 1847808K, 85% used [0x00000006c0000000,0x000000072075ee50,0x0000000730c80000)
 Metaspace       used 25438K, capacity 25960K, committed 26368K, reserved 1073152K
  class space    used 2802K, capacity 3047K, committed 3072K, reserved 1048576K
Event: 1756.977 GC heap after
Heap after GC invocations=893 (full 13):
 PSYoungGen      total 1372160K, used 21168K [0x000000076ab00000, 0x00000007c0000000, 0x00000007c0000000)
  eden space 1347584K, 0% used [0x000000076ab00000,0x000000076ab00000,0x00000007bcf00000)
  from space 24576K, 86% used [0x00000007be800000,0x00000007bfcac150,0x00000007c0000000)
  to   space 25088K, 0% used [0x00000007bcf00000,0x00000007bcf00000,0x00000007be780000)
 ParOldGen       total 1847808K, used 1597567K [0x00000006c0000000, 0x0000000730c80000, 0x000000076ab00000)
  object space 1847808K, 86% used [0x00000006c0000000,0x000000072181fe60,0x0000000730c80000)
 Metaspace       used 25438K, capacity 25960K, committed 26368K, reserved 1073152K
  class space    used 2802K, capacity 3047K, committed 3072K, reserved 1048576K
}
Event: 1759.287 GC heap before
{Heap before GC invocations=894 (full 13):
 PSYoungGen      total 1372160K, used 1368752K [0x000000076ab00000, 0x00000007c0000000, 0x00000007c0000000)
  eden space 1347584K, 100% used [0x000000076ab00000,0x00000007bcf00000,0x00000007bcf00000)
  from space 24576K, 86% used [0x00000007be800000,0x00000007bfcac150,0x00000007c0000000)
  to   space 25088K, 0% used [0x00000007bcf00000,0x00000007bcf00000,0x00000007be780000)
 ParOldGen       total 1847808K, used 1597567K [0x00000006c0000000, 0x0000000730c80000, 0x000000076ab00000)
  object space 1847808K, 86% used [0x00000006c0000000,0x000000072181fe60,0x0000000730c80000)
 Metaspace       used 25438K, capacity 25960K, committed 26368K, reserved 1073152K
  class space    used 2802K, capacity 3047K, committed 3072K, reserved 1048576K
Event: 1759.315 GC heap after
Heap after GC invocations=894 (full 13):
 PSYoungGen      total 1372672K, used 20640K [0x000000076ab00000, 0x00000007c0000000, 0x00000007c0000000)
  eden space 1347584K, 0% used [0x000000076ab00000,0x000000076ab00000,0x00000007bcf00000)
  from space 25088K, 82% used [0x00000007bcf00000,0x00000007be3281a0,0x00000007be780000)
  to   space 25088K, 0% used [0x00000007be780000,0x00000007be780000,0x00000007c0000000)
 ParOldGen       total 1847808K, used 1615335K [0x00000006c0000000, 0x0000000730c80000, 0x000000076ab00000)
  object space 1847808K, 87% used [0x00000006c0000000,0x0000000722979ea0,0x0000000730c80000)
 Metaspace       used 25438K, capacity 25960K, committed 26368K, reserved 1073152K
  class space    used 2802K, capacity 3047K, committed 3072K, reserved 1048576K
}

