<?xml version="1.0" encoding="UTF-8" ?>
<testsuite errors="0" failures="0" hostname="ben-OptiPlex-755" name="com.xrtb.tests.TestDatabase" skipped="0" tests="2" time="4.958" timestamp="2015-05-16T17:53:23">
  <properties>
[...]
</properties>
  <testcase classname="com.xrtb.tests.TestDatabase" name="rawCampaign" time="0.008" />
  <testcase classname="com.xrtb.tests.TestDatabase" name="makeFile" time="0.014" />
  <system-out><![CDATA[[
  {
    "name": "ben",
    "origin": 1431798808851,
    "lastAccess": 1431798808851,
    "campaigns": [
      {
        "adId": "ben:new-campaign",
        "price": 5.0,
        "adomain": "originator.com",
        "template": {
          "default": "999",
          "exchange": {
            "mopub": "\u003ca href\u003d\u0027mopub template here\u0027 \u003c/a\u003e",
            "mobclix": "\u003ca href\u003d\u0027mobclix template here\u0027 \u003c/a\u003e",
            "nexage": "\u003ca href\u003d\u0027{RTB_REDIRECT_URL}/{RTB_CAMPAIGN_ADID}/{pub}/{bid_id}?url\u003d{campaign_forward_url}\u0027\u003e\u003cimg src\u003d\u0027{RTB_PIXEL_URL}/{pub}/{ad_id}/{bid_id}/${AUCTION_PRICE}/{creative_id}\u0027 height\u003d\u00271\u0027 width\u003d\u00271\u0027\u003e\u003c/img\u003e\u003cimg src\u003d\u0027{campaign_image_url}\u0027 height\u003d\u0027{campaign_ad_height}\u0027 width\u003d\u0027{campaign_ad_width}\u0027\u003e\u003c/img\u003e\u003c/a\u003e"
          }
        },
        "attributes": [
          {
            "operator": 4,
            "value": [
              "chive.com",
              "junk.com"
            ],
            "lval": [
              "chive.com",
              "junk.com"
            ],
            "op": "NOT_MEMBER",
            "notPresentOk": true,
            "bidRequestValues": [
              "site",
              "domain"
            ]
          },
          {
            "operator": 3,
            "value": [
              "USA",
              "MEX"
            ],
            "lval": [
              "USA",
              "MEX"
            ],
            "op": "MEMBER",
            "notPresentOk": true,
            "bidRequestValues": [
              "user",
              "geo",
              "country"
            ]
          },
          {
            "operator": 3,
            "value": [
              "CA",
              "NY",
              "MA"
            ],
            "lval": [
              "CA",
              "NY",
              "MA"
            ],
            "op": "MEMBER",
            "notPresentOk": true,
            "bidRequestValues": [
              "rtb4free",
              "geocode",
              "state"
            ]
          }
        ],
        "creatives": [
          {
            "forwardurl": "http://localhost:8080/forward?{site_id}",
            "encodedFurl": "http%3A%2F%2Flocalhost%3A8080%2Fforward%3F%7Bsite_id%7D",
            "imageurl": "http://localhost:8080/images/320x50.jpg?adid\u003d{ad_id}\u0026#38;bidid\u003d{bid_id}",
            "encodedIurl": "http%3A%2F%2Flocalhost%3A8080%2Fimages%2F320x50.jpg%3Fadid%3D%7Bad_id%7D%26%2338%3Bbidid%3D%7Bbid_id%7D",
            "impid": "23skiddoo",
            "w": 320.0,
            "h": 50.0
          },
          {
            "forwardurl": "http://localhost:8080/forward?{site_id}",
            "encodedFurl": "http%3A%2F%2Flocalhost%3A8080%2Fforward%3F%7Bsite_id%7D",
            "imageurl": "http://localhost:8080/images/320x50.gif?adid\u003d{ad_id}\u0026#38;bidid\u003d{bid_id}",
            "encodedIurl": "http%3A%2F%2Flocalhost%3A8080%2Fimages%2F320x50.gif%3Fadid%3D%7Bad_id%7D%26%2338%3Bbidid%3D%7Bbid_id%7D",
            "impid": "66skiddoo",
            "w": 640.0,
            "h": 480.0
          }
        ],
        "date": [
          20130205,
          20200101
        ]
      }
    ]
  }
]
com.xrtb.db.User@4b213651
]]></system-out>
  <system-err><![CDATA[[Thread-1] INFO org.eclipse.jetty.server.Server - jetty-8.1.13.v20130916
[Thread-1] INFO org.eclipse.jetty.server.AbstractConnector - Started SelectChannelConnector@0.0.0.0:8080
]]></system-err>
</testsuite>
