<?xml version="1.0" encoding="UTF-8" ?>
<testsuites>
  <testsuite errors="0" failures="0" hostname="ben-OptiPlex-780" id="0" name="TestCampaignProcessor" package="com.xrtb.tests" skipped="0" tests="1" time="4.488" timestamp="2015-05-12T17:13:32">
      <properties>
[...]
</properties>

      <testcase classname="com.xrtb.tests.TestCampaignProcessor" name="testNoCampaigns" time="0.029" />

      <system-out />

      <system-err><![CDATA[[Thread-1] INFO org.eclipse.jetty.server.Server - jetty-8.1.13.v20130916
[Thread-1] INFO org.eclipse.jetty.server.AbstractConnector - Started SelectChannelConnector@0.0.0.0:8080
]]></system-err>

  </testsuite>
  <testsuite errors="0" failures="0" hostname="ben-OptiPlex-780" id="1" name="TestCampaigns" package="com.xrtb.tests" skipped="0" tests="3" time="5.673" timestamp="2015-05-12T17:13:38">
      <properties>
[...]
</properties>

      <testcase classname="com.xrtb.tests.TestCampaigns" name="testTemplate" time="0.412" />

      <testcase classname="com.xrtb.tests.TestCampaigns" name="testCampaign" time="0.664" />

      <testcase classname="com.xrtb.tests.TestCampaigns" name="testReplace" time="0.001" />

      <system-out />

      <system-err><![CDATA[[Thread-1] INFO org.eclipse.jetty.server.Server - jetty-8.1.13.v20130916
[Thread-1] INFO org.eclipse.jetty.server.AbstractConnector - Started SelectChannelConnector@0.0.0.0:8080
]]></system-err>

  </testsuite>
  <testsuite errors="0" failures="0" hostname="ben-OptiPlex-780" id="2" name="TestConfig" package="com.xrtb.tests" skipped="0" tests="1" time="6.907" timestamp="2015-05-12T17:13:44">
      <properties>
[...]
</properties>

      <testcase classname="com.xrtb.tests.TestConfig" name="makeFromFile" time="0.716" />

      <system-out />

      <system-err><![CDATA[[Thread-1] INFO org.eclipse.jetty.server.Server - jetty-8.1.13.v20130916
[Thread-1] INFO org.eclipse.jetty.server.AbstractConnector - Started SelectChannelConnector@0.0.0.0:8080
]]></system-err>

  </testsuite>
  <testsuite errors="0" failures="0" hostname="ben-OptiPlex-780" id="3" name="TestDatabase" package="com.xrtb.tests" skipped="0" tests="2" time="6.23" timestamp="2015-05-12T17:13:53">
      <properties>
[...]
</properties>

      <testcase classname="com.xrtb.tests.TestDatabase" name="rawCampaign" time="0.008" />

      <testcase classname="com.xrtb.tests.TestDatabase" name="makeFile" time="0.014" />

      <system-out><![CDATA[[
  {
    "name": "ben",
    "origin": 1431450839150,
    "lastAccess": 1431450839150,
    "campaigns": [
      {
        "adId": "ben:new-campaign",
        "price": 5.0,
        "adomain": "originator.com",
        "template": {
          "default": "999",
          "exchange": {
            "mopub": "\u003ca href\u003d\u0027mopub template here\u0027 \u003c/a\u003e",
            "mobclix": "\u003ca href\u003d\u0027mobclix template here\u0027 \u003c/a\u003e",
            "nexage": "\u003ca href\u003d\u0027{RTB_REDIRECT_URL}/{RTB_CAMPAIGN_ADID}/{pub}/{bid_id}?url\u003d{campaign_forward_url}\u0027\u003e\u003cimg src\u003d\u0027{RTB_PIXEL_URL}/{pub}/{ad_id}/{bid_id}/${AUCTION_PRICE}/{creative_id}\u0027 height\u003d\u00271\u0027 width\u003d\u00271\u0027\u003e\u003c/img\u003e\u003cimg src\u003d\u0027{campaign_image_url}\u0027 height\u003d\u0027{campaign_ad_height}\u0027 width\u003d\u0027{campaign_ad_width}\u0027\u003e\u003c/img\u003e\u003c/a\u003e"
          }
        },
        "attributes": [
          {
            "operator": 4,
            "value": [
              "chive.com",
              "junk.com"
            ],
            "lval": [
              "chive.com",
              "junk.com"
            ],
            "op": "NOT_MEMBER",
            "notPresentOk": true,
            "bidRequestValues": [
              "site",
              "domain"
            ]
          },
          {
            "operator": 3,
            "value": [
              "USA",
              "MEX"
            ],
            "lval": [
              "USA",
              "MEX"
            ],
            "op": "MEMBER",
            "notPresentOk": true,
            "bidRequestValues": [
              "user",
              "geo",
              "country"
            ]
          },
          {
            "operator": 3,
            "value": [
              "CA",
              "NY",
              "MA"
            ],
            "lval": [
              "CA",
              "NY",
              "MA"
            ],
            "op": "MEMBER",
            "notPresentOk": true,
            "bidRequestValues": [
              "rtb4free",
              "geocode",
              "state"
            ]
          }
        ],
        "creatives": [
          {
            "forwardurl": "http://localhost:8080/forward?{site_id}",
            "encodedFurl": "http%3A%2F%2Flocalhost%3A8080%2Fforward%3F%7Bsite_id%7D",
            "imageurl": "http://localhost:8080/images/320x50.jpg?adid\u003d{ad_id}\u0026#38;bidid\u003d{bid_id}",
            "encodedIurl": "http%3A%2F%2Flocalhost%3A8080%2Fimages%2F320x50.jpg%3Fadid%3D%7Bad_id%7D%26%2338%3Bbidid%3D%7Bbid_id%7D",
            "impid": "23skiddoo",
            "w": 320.0,
            "h": 50.0
          },
          {
            "forwardurl": "http://localhost:8080/forward?{site_id}",
            "encodedFurl": "http%3A%2F%2Flocalhost%3A8080%2Fforward%3F%7Bsite_id%7D",
            "imageurl": "http://localhost:8080/images/320x50.gif?adid\u003d{ad_id}\u0026#38;bidid\u003d{bid_id}",
            "encodedIurl": "http%3A%2F%2Flocalhost%3A8080%2Fimages%2F320x50.gif%3Fadid%3D%7Bad_id%7D%26%2338%3Bbidid%3D%7Bbid_id%7D",
            "impid": "66skiddoo",
            "w": 640.0,
            "h": 480.0
          }
        ],
        "date": [
          20130205,
          20200101
        ]
      }
    ]
  }
]
com.xrtb.db.User@4ebff610
]]></system-out>

      <system-err><![CDATA[[Thread-1] INFO org.eclipse.jetty.server.Server - jetty-8.1.13.v20130916
[Thread-1] INFO org.eclipse.jetty.server.AbstractConnector - Started SelectChannelConnector@0.0.0.0:8080
]]></system-err>

  </testsuite>
  <testsuite errors="0" failures="0" hostname="ben-OptiPlex-780" id="4" name="TestExtendedDevice" package="com.xrtb.tests" skipped="0" tests="1" time="5.555" timestamp="2015-05-12T17:14:00">
      <properties>
[...]
</properties>

      <testcase classname="com.xrtb.tests.TestExtendedDevice" name="testCambridgeCity" time="0.852" />

      <system-out />

      <system-err><![CDATA[[Thread-1] INFO org.eclipse.jetty.server.Server - jetty-8.1.13.v20130916
[Thread-1] INFO org.eclipse.jetty.server.AbstractConnector - Started SelectChannelConnector@0.0.0.0:8080
]]></system-err>

  </testsuite>
  <testsuite errors="0" failures="0" hostname="ben-OptiPlex-780" id="5" name="TestGeoNode" package="com.xrtb.tests" skipped="0" tests="2" time="5.948" timestamp="2015-05-12T17:14:06">
      <properties>
[...]
</properties>

      <testcase classname="com.xrtb.tests.TestGeoNode" name="testCambridgeCity" time="0.53" />

      <testcase classname="com.xrtb.tests.TestGeoNode" name="testSolution" time="0.611" />

      <system-out />

      <system-err><![CDATA[[Thread-1] INFO org.eclipse.jetty.server.Server - jetty-8.1.13.v20130916
[Thread-1] INFO org.eclipse.jetty.server.AbstractConnector - Started SelectChannelConnector@0.0.0.0:8080
]]></system-err>

  </testsuite>
  <testsuite errors="0" failures="0" hostname="ben-OptiPlex-780" id="6" name="TestGeoTag" package="com.xrtb.tests" skipped="0" tests="1" time="5.087" timestamp="2015-05-12T17:14:13">
      <properties>
[...]
</properties>

      <testcase classname="com.xrtb.tests.TestGeoTag" name="testHaversignCalc" time="0.386" />

      <system-out />

      <system-err><![CDATA[[Thread-1] INFO org.eclipse.jetty.server.Server - jetty-8.1.13.v20130916
[Thread-1] INFO org.eclipse.jetty.server.AbstractConnector - Started SelectChannelConnector@0.0.0.0:8080
]]></system-err>

  </testsuite>
  <testsuite errors="0" failures="0" hostname="ben-OptiPlex-780" id="7" name="TestMisc" package="com.xrtb.tests" skipped="0" tests="1" time="4.541" timestamp="2015-05-12T17:14:19">
      <properties>
[...]
</properties>

      <testcase classname="com.xrtb.tests.TestMisc" name="testAssortedMethods" time="0.004" />

      <system-out />

      <system-err><![CDATA[[Thread-1] INFO org.eclipse.jetty.server.Server - jetty-8.1.13.v20130916
[Thread-1] INFO org.eclipse.jetty.server.AbstractConnector - Started SelectChannelConnector@0.0.0.0:8080
]]></system-err>

  </testsuite>
  <testsuite errors="0" failures="0" hostname="ben-OptiPlex-780" id="8" name="TestNode" package="com.xrtb.tests" skipped="0" tests="3" time="4.703" timestamp="2015-05-12T17:14:25">
      <properties>
[...]
</properties>

      <testcase classname="com.xrtb.tests.TestNode" name="testOperators" time="0.089" />

      <testcase classname="com.xrtb.tests.TestNode" name="testSets" time="0.013" />

      <testcase classname="com.xrtb.tests.TestNode" name="makeSimpleCampaign" time="0.004" />

      <system-out />

      <system-err><![CDATA[[Thread-1] INFO org.eclipse.jetty.server.Server - jetty-8.1.13.v20130916
[Thread-1] INFO org.eclipse.jetty.server.AbstractConnector - Started SelectChannelConnector@0.0.0.0:8080
]]></system-err>

  </testsuite>
  <testsuite errors="0" failures="0" hostname="ben-OptiPlex-780" id="9" name="TestRanges" package="com.xrtb.tests" skipped="0" tests="5" time="5.038" timestamp="2015-05-12T17:14:30">
      <properties>
[...]
</properties>

      <testcase classname="com.xrtb.tests.TestRanges" name="testGeoSingleFenceInRangeButNoGeoInBR" time="0.182" />

      <testcase classname="com.xrtb.tests.TestRanges" name="testGeoInBidRequest" time="0.012" />

      <testcase classname="com.xrtb.tests.TestRanges" name="testGeoSingleFenceInRange" time="0.039" />

      <testcase classname="com.xrtb.tests.TestRanges" name="testGeoSingleFenceNotInRange" time="0.02" />

      <testcase classname="com.xrtb.tests.TestRanges" name="testLosAngelesToSF" time="0.0" />

      <system-out><![CDATA[No bid: No matching campaign
null
No bid: No matching campaign
null
No bid: No matching campaign
null
]]></system-out>

      <system-err><![CDATA[[Thread-1] INFO org.eclipse.jetty.server.Server - jetty-8.1.13.v20130916
[Thread-1] INFO org.eclipse.jetty.server.AbstractConnector - Started SelectChannelConnector@0.0.0.0:8080
]]></system-err>

  </testsuite>
  <testsuite errors="0" failures="0" hostname="ben-OptiPlex-780" id="10" name="TestRedis" package="com.xrtb.tests" skipped="0" tests="3" time="7.977" timestamp="2015-05-12T17:14:37">
      <properties>
[...]
</properties>

      <testcase classname="com.xrtb.tests.TestRedis" name="testEcho" time="1.043" />

      <testcase classname="com.xrtb.tests.TestRedis" name="deleteUnknownCampaign" time="1.005" />

      <testcase classname="com.xrtb.tests.TestRedis" name="stopStartBidder" time="1.141" />

      <system-out><![CDATA[No bid: Server stopped
]]></system-out>

      <system-err><![CDATA[[Thread-1] INFO org.eclipse.jetty.server.Server - jetty-8.1.13.v20130916
[Thread-1] INFO org.eclipse.jetty.server.AbstractConnector - Started SelectChannelConnector@0.0.0.0:8080
]]></system-err>

  </testsuite>
  <testsuite errors="0" failures="0" hostname="ben-OptiPlex-780" id="11" name="TestServer" package="com.xrtb.tests" skipped="0" tests="1" time="4.961" timestamp="2015-05-12T17:14:45">
      <properties>
[...]
</properties>

      <testcase classname="com.xrtb.tests.TestServer" name="testBid" time="0.159" />

      <system-out><![CDATA[http://localhost:8080/images/320x50.jpg?adid=ben:payday&#38;bidid=35c22289-06e2-48e9-a0cd-94aeb79fab43
]]></system-out>

      <system-err><![CDATA[[Thread-1] INFO org.eclipse.jetty.server.Server - jetty-8.1.13.v20130916
[Thread-1] INFO org.eclipse.jetty.server.AbstractConnector - Started SelectChannelConnector@0.0.0.0:8080
]]></system-err>

  </testsuite>
  <testsuite errors="0" failures="0" hostname="ben-OptiPlex-780" id="12" name="TestValidBids" package="com.xrtb.tests" skipped="0" tests="2" time="4.65" timestamp="2015-05-12T17:14:51">
      <properties>
[...]
</properties>

      <testcase classname="com.xrtb.tests.TestValidBids" name="testRespondWithNoBid" time="0.175" />

      <testcase classname="com.xrtb.tests.TestValidBids" name="testRespondWithBid" time="0.038" />

      <system-out><![CDATA[No bid: No matching campaign
===============>99999999
XTIME: 8
RTTIME: 10
{"seatbid":[{"seat":"99999999","bid":[{"impid":"23skiddoo","id":"35c22289-06e2-48e9-a0cd-94aeb79fab43","price":5.0,"adid":"ben:payday","nurl":"http://localhost:8080/rtb/win/nexage/5.0/42.378/-71.227/ben:payday/35c22289-06e2-48e9-a0cd-94aeb79fab43/http%3A%2F%2Flocalhost%3A8080%2Fforward%3F99201/http%3A%2F%2Flocalhost%3A8080%2Fimages%2F320x50.jpg%3Fadid%3Dben:payday%26%2338%3Bbidid%3D35c22289-06e2-48e9-a0cd-94aeb79fab43","cid":"ben:payday","crid":"23skiddoo","iurl":"http://localhost:8080/images/320x50.jpg?adid=ben:payday&#38;bidid=35c22289-06e2-48e9-a0cd-94aeb79fab43","adomain":"originator.com","adm":"<a href='http://localhost:8080/redirect/???/nexage/35c22289-06e2-48e9-a0cd-94aeb79fab43?url=http://localhost:8080/forward?99201'><img src='http://localhost:8080/pixel/nexage/ben:payday/35c22289-06e2-48e9-a0cd-94aeb79fab43/${AUCTION_PRICE}/23skiddoo' height='1' width='1'></img><img src='http://localhost:8080/images/320x50.jpg?adid=ben:payday&#38;bidid=35c22289-06e2-48e9-a0cd-94aeb79fab43' height='50.0' width='320.0'></img></a>"}]}],"id":"35c22289-06e2-48e9-a0cd-94aeb79fab43","bidid":"35c22289-06e2-48e9-a0cd-94aeb79fab43"}

]]></system-out>

      <system-err><![CDATA[[Thread-1] INFO org.eclipse.jetty.server.Server - jetty-8.1.13.v20130916
[Thread-1] INFO org.eclipse.jetty.server.AbstractConnector - Started SelectChannelConnector@0.0.0.0:8080
]]></system-err>

  </testsuite>
  <testsuite errors="0" failures="0" hostname="ben-OptiPlex-780" id="13" name="TestWinProcessing" package="com.xrtb.tests" skipped="0" tests="1" time="4.634" timestamp="2015-05-12T17:14:57">
      <properties>
[...]
</properties>

      <testcase classname="com.xrtb.tests.TestWinProcessing" name="testWinProcessing" time="0.17" />

      <system-out><![CDATA[<a href='http://localhost:8080/redirect/???/nexage/35c22289-06e2-48e9-a0cd-94aeb79fab43?url=http://localhost:8080/forward?99201'><img src='http://localhost:8080/pixel/nexage/ben:payday/35c22289-06e2-48e9-a0cd-94aeb79fab43/${AUCTION_PRICE}/23skiddoo' height='1' width='1'></img><img src='http://localhost:8080/images/320x50.jpg?adid=ben:payday&#38;bidid=35c22289-06e2-48e9-a0cd-94aeb79fab43' height='50.0' width='320.0'></img></a>

]]></system-out>

      <system-err><![CDATA[[Thread-1] INFO org.eclipse.jetty.server.Server - jetty-8.1.13.v20130916
[Thread-1] INFO org.eclipse.jetty.server.AbstractConnector - Started SelectChannelConnector@0.0.0.0:8080
]]></system-err>

  </testsuite>
</testsuites>
