<?xml version="1.0" encoding="UTF-8" ?>
<testsuite errors="0" failures="0" hostname="ben-OptiPlex-780" name="com.xrtb.tests.TestBidRequests" skipped="0" tests="6" time="6.319" timestamp="2014-12-11T19:30:54">
  <properties>
[...]
</properties>
  <testcase classname="com.xrtb.tests.TestBidRequests" name="nobidWithReasonWithNoCampMatch" time="0.207" />
  <testcase classname="com.xrtb.tests.TestBidRequests" name="sendCrapRequest" time="0.008" />
  <testcase classname="com.xrtb.tests.TestBidRequests" name="nobidWithReasonWithNoCamps" time="0.017" />
  <testcase classname="com.xrtb.tests.TestBidRequests" name="bidRequestPercentages" time="0.0" />
  <testcase classname="com.xrtb.tests.TestBidRequests" name="sendCrapTarget" time="0.008" />
  <testcase classname="com.xrtb.tests.TestBidRequests" name="bidRequestTwoCampaigns" time="0.0" />
  <system-out><![CDATA[X = 1
{"reason":"No matching campaign","id":"123"}

X = 0
]]></system-out>
  <system-err><![CDATA[2014-12-11 11:30:54.933:INFO:oejs.Server:jetty-8.1.13.v20130916
2014-12-11 11:30:54.982:INFO:oejs.AbstractConnector:Started SelectChannelConnector@0.0.0.0:8080
org.codehaus.jackson.JsonParseException: Unrecognized token 'thsi': was expecting 'null', 'true' or 'false'
 at [Source: org.eclipse.jetty.server.HttpInput@45e495da; line: 1, column: 9]
	at org.codehaus.jackson.JsonParser._constructError(JsonParser.java:1292)
	at org.codehaus.jackson.impl.JsonParserMinimalBase._reportError(JsonParserMinimalBase.java:385)
	at org.codehaus.jackson.impl.Utf8StreamParser._reportInvalidToken(Utf8StreamParser.java:1788)
	at org.codehaus.jackson.impl.Utf8StreamParser._matchToken(Utf8StreamParser.java:1726)
	at org.codehaus.jackson.impl.Utf8StreamParser._nextTokenNotInObject(Utf8StreamParser.java:412)
	at org.codehaus.jackson.impl.Utf8StreamParser.nextToken(Utf8StreamParser.java:323)
	at org.codehaus.jackson.map.ObjectMapper._initForReading(ObjectMapper.java:2439)
	at org.codehaus.jackson.map.ObjectMapper._readMapAndClose(ObjectMapper.java:2396)
	at org.codehaus.jackson.map.ObjectMapper.readValue(ObjectMapper.java:1662)
	at org.codehaus.jackson.map.ObjectMapper.readTree(ObjectMapper.java:1253)
	at com.xrtb.pojo.BidRequest.<init>(BidRequest.java:93)
	at com.xrtb.exchanges.Nexage.<init>(Nexage.java:38)
	at com.xrtb.bidder.Handler.handle(RTBServer.java:179)
	at org.eclipse.jetty.server.handler.HandlerWrapper.handle(HandlerWrapper.java:116)
	at org.eclipse.jetty.server.Server.handle(Server.java:370)
	at org.eclipse.jetty.server.AbstractHttpConnection.handleRequest(AbstractHttpConnection.java:489)
	at org.eclipse.jetty.server.AbstractHttpConnection.content(AbstractHttpConnection.java:960)
	at org.eclipse.jetty.server.AbstractHttpConnection$RequestHandler.content(AbstractHttpConnection.java:1021)
	at org.eclipse.jetty.http.HttpParser.parseNext(HttpParser.java:865)
	at org.eclipse.jetty.http.HttpParser.parseAvailable(HttpParser.java:240)
	at org.eclipse.jetty.server.AsyncHttpConnection.handle(AsyncHttpConnection.java:82)
	at org.eclipse.jetty.io.nio.SelectChannelEndPoint.handle(SelectChannelEndPoint.java:668)
	at org.eclipse.jetty.io.nio.SelectChannelEndPoint$1.run(SelectChannelEndPoint.java:52)
	at org.eclipse.jetty.util.thread.QueuedThreadPool.runJob(QueuedThreadPool.java:608)
	at org.eclipse.jetty.util.thread.QueuedThreadPool$3.run(QueuedThreadPool.java:543)
	at java.lang.Thread.run(Thread.java:745)
org.codehaus.jackson.JsonParseException: Unrecognized token 'thsi': was expecting 'null', 'true' or 'false'
 at [Source: org.eclipse.jetty.server.HttpInput@45e495da; line: 1, column: 9]
	at org.codehaus.jackson.JsonParser._constructError(JsonParser.java:1292)
	at org.codehaus.jackson.impl.JsonParserMinimalBase._reportError(JsonParserMinimalBase.java:385)
	at org.codehaus.jackson.impl.Utf8StreamParser._reportInvalidToken(Utf8StreamParser.java:1788)
	at org.codehaus.jackson.impl.Utf8StreamParser._matchToken(Utf8StreamParser.java:1726)
	at org.codehaus.jackson.impl.Utf8StreamParser._nextTokenNotInObject(Utf8StreamParser.java:412)
	at org.codehaus.jackson.impl.Utf8StreamParser.nextToken(Utf8StreamParser.java:323)
	at org.codehaus.jackson.map.ObjectMapper._initForReading(ObjectMapper.java:2439)
	at org.codehaus.jackson.map.ObjectMapper._readMapAndClose(ObjectMapper.java:2396)
	at org.codehaus.jackson.map.ObjectMapper.readValue(ObjectMapper.java:1662)
	at org.codehaus.jackson.map.ObjectMapper.readTree(ObjectMapper.java:1253)
	at com.xrtb.pojo.BidRequest.<init>(BidRequest.java:93)
	at com.xrtb.bidder.Handler.handle(RTBServer.java:181)
	at org.eclipse.jetty.server.handler.HandlerWrapper.handle(HandlerWrapper.java:116)
	at org.eclipse.jetty.server.Server.handle(Server.java:370)
	at org.eclipse.jetty.server.AbstractHttpConnection.handleRequest(AbstractHttpConnection.java:489)
	at org.eclipse.jetty.server.AbstractHttpConnection.content(AbstractHttpConnection.java:960)
	at org.eclipse.jetty.server.AbstractHttpConnection$RequestHandler.content(AbstractHttpConnection.java:1021)
	at org.eclipse.jetty.http.HttpParser.parseNext(HttpParser.java:865)
	at org.eclipse.jetty.http.HttpParser.parseAvailable(HttpParser.java:240)
	at org.eclipse.jetty.server.AsyncHttpConnection.handle(AsyncHttpConnection.java:82)
	at org.eclipse.jetty.io.nio.SelectChannelEndPoint.handle(SelectChannelEndPoint.java:668)
	at org.eclipse.jetty.io.nio.SelectChannelEndPoint$1.run(SelectChannelEndPoint.java:52)
	at org.eclipse.jetty.util.thread.QueuedThreadPool.runJob(QueuedThreadPool.java:608)
	at org.eclipse.jetty.util.thread.QueuedThreadPool$3.run(QueuedThreadPool.java:543)
	at java.lang.Thread.run(Thread.java:745)
]]></system-err>
</testsuite>
