<?xml version="1.0" encoding="UTF-8" ?>
<testsuite errors="0" failures="0" hostname="ben-K53E" name="com.xrtb.tests.TestValidBids" skipped="0" tests="4" time="3.86" timestamp="2015-01-31T21:09:11">
  <properties>
[...]
</properties>
  <testcase classname="com.xrtb.tests.TestValidBids" name="testSetup" time="3.501" />
  <testcase classname="com.xrtb.tests.TestValidBids" name="testRespondWithNoBid" time="0.173" />
  <testcase classname="com.xrtb.tests.TestValidBids" name="testRespondWithBid" time="0.061" />
  <testcase classname="com.xrtb.tests.TestValidBids" name="testCleanup" time="0.069" />
  <system-out><![CDATA[No bid: No matching campaign
===============>99999999
XTIME: 12
RTTIME: 14
{"seatbid":[{"seat":"99999999","bid":[{"impid":"23skiddoo","id":"35c22289-06e2-48e9-a0cd-94aeb79fab43","price":5.0,"adid":"id123","nurl":"http://localhost:8080/rtb/win/nexage/5.0/42.378/-71.227/id123/35c22289-06e2-48e9-a0cd-94aeb79fab43/http%3A%2F%2Flocalhost%3A8080%2Fforward%3F99201/http%3A%2F%2Flocalhost%3A8080%2Fimages%2F320x50.jpg%3Fadid%3Did123%26%2338%3Bbidid%3D35c22289-06e2-48e9-a0cd-94aeb79fab43","cid":"id123","crid":"23skiddoo","iurl":"http://localhost:8080/images/320x50.jpg?adid=id123&#38;bidid=35c22289-06e2-48e9-a0cd-94aeb79fab43","adomain":"originator.com","adm":"<a href='http://localhost:8080/redirect/???/nexage/35c22289-06e2-48e9-a0cd-94aeb79fab43?url=http://localhost:8080/forward?99201'><img src='http://localhost:8080/pixel/nexage/id123/35c22289-06e2-48e9-a0cd-94aeb79fab43/${AUCTION_PRICE}/23skiddoo' height='1' width='1'></img><img src='http://localhost:8080/images/320x50.jpg?adid=id123&#38;bidid=35c22289-06e2-48e9-a0cd-94aeb79fab43' height='50.0' width='320.0'></img></a>"}]}],"id":"35c22289-06e2-48e9-a0cd-94aeb79fab43","bidid":"35c22289-06e2-48e9-a0cd-94aeb79fab43"}

]]></system-out>
  <system-err><![CDATA[2015-01-31 13:09:13.455:INFO:oejs.Server:jetty-8.1.13.v20130916
2015-01-31 13:09:13.506:INFO:oejs.AbstractConnector:Started SelectChannelConnector@0.0.0.0:8080
]]></system-err>
</testsuite>
