<?xml version="1.0" encoding="UTF-8" ?>
<testsuite errors="0" failures="0" hostname="ben-OptiPlex-780" name="com.xrtb.tests.TestWinProcessing" skipped="0" tests="1" time="5.067" timestamp="2015-05-11T23:12:18">
  <properties>
[...]
</properties>
  <testcase classname="com.xrtb.tests.TestWinProcessing" name="testWinProcessing" time="0.204" />
  <system-out><![CDATA[<a href='http://localhost:8080/redirect/???/nexage/35c22289-06e2-48e9-a0cd-94aeb79fab43?url=http://localhost:8080/forward?99201'><img src='http://localhost:8080/pixel/nexage/ben:payday/35c22289-06e2-48e9-a0cd-94aeb79fab43/${AUCTION_PRICE}/23skiddoo' height='1' width='1'></img><img src='http://localhost:8080/images/320x50.jpg?adid=ben:payday&#38;bidid=35c22289-06e2-48e9-a0cd-94aeb79fab43' height='50.0' width='320.0'></img></a>

]]></system-out>
  <system-err><![CDATA[[Thread-7] INFO org.eclipse.jetty.server.Server - jetty-8.1.13.v20130916
[Thread-7] INFO org.eclipse.jetty.server.AbstractConnector - Started SelectChannelConnector@0.0.0.0:8080
java.lang.IllegalStateException: com.fasterxml.jackson.databind.JsonMappingException: No serializer found for class org.codehaus.jackson.node.JsonNodeFactory and no properties discovered to create BeanSerializer (to avoid exception, disable SerializationFeature.FAIL_ON_EMPTY_BEANS) ) (through reference chain: com.xrtb.pojo.BidResponse["br"]->com.xrtb.exchanges.Nexage["rootNode"]->org.codehaus.jackson.node.ObjectNode["_children"]->java.util.LinkedHashMap["imp"]->org.codehaus.jackson.node.ArrayNode["_children"]->java.util.ArrayList[0]->org.codehaus.jackson.node.ObjectNode["_children"]->java.util.LinkedHashMap["banner"]->org.codehaus.jackson.node.ObjectNode["_nodeFactory"])
	at org.redisson.codec.JsonJacksonCodec.encodeValue(JsonJacksonCodec.java:123)
	at org.redisson.codec.RedisCodecWrapper.encodeValue(RedisCodecWrapper.java:52)
	at com.lambdaworks.redis.protocol.CommandArgs.addValue(CommandArgs.java:74)
	at com.lambdaworks.redis.RedisAsyncConnection.publish(RedisAsyncConnection.java:598)
	at org.redisson.RedissonTopic$1.execute(RedissonTopic.java:51)
	at org.redisson.async.ResultOperation.execute(ResultOperation.java:27)
	at org.redisson.connection.MasterSlaveConnectionManager.writeAsync(MasterSlaveConnectionManager.java:231)
	at org.redisson.connection.MasterSlaveConnectionManager.writeAsync(MasterSlaveConnectionManager.java:196)
	at org.redisson.RedissonTopic.publishAsync(RedissonTopic.java:48)
	at org.redisson.RedissonTopic.publish(RedissonTopic.java:43)
	at com.xrtb.bidder.Publisher.run(Controller.java:431)
	at java.lang.Thread.run(Thread.java:745)
Caused by: com.fasterxml.jackson.databind.JsonMappingException: No serializer found for class org.codehaus.jackson.node.JsonNodeFactory and no properties discovered to create BeanSerializer (to avoid exception, disable SerializationFeature.FAIL_ON_EMPTY_BEANS) ) (through reference chain: com.xrtb.pojo.BidResponse["br"]->com.xrtb.exchanges.Nexage["rootNode"]->org.codehaus.jackson.node.ObjectNode["_children"]->java.util.LinkedHashMap["imp"]->org.codehaus.jackson.node.ArrayNode["_children"]->java.util.ArrayList[0]->org.codehaus.jackson.node.ObjectNode["_children"]->java.util.LinkedHashMap["banner"]->org.codehaus.jackson.node.ObjectNode["_nodeFactory"])
	at com.fasterxml.jackson.databind.ser.impl.UnknownSerializer.failForEmpty(UnknownSerializer.java:59)
	at com.fasterxml.jackson.databind.ser.impl.UnknownSerializer.serializeWithType(UnknownSerializer.java:39)
	at com.fasterxml.jackson.databind.ser.BeanPropertyWriter.serializeAsField(BeanPropertyWriter.java:507)
	at com.fasterxml.jackson.databind.ser.std.BeanSerializerBase.serializeFields(BeanSerializerBase.java:639)
	at com.fasterxml.jackson.databind.ser.std.BeanSerializerBase.serializeWithType(BeanSerializerBase.java:525)
	at com.fasterxml.jackson.databind.ser.std.MapSerializer.serializeTypedFields(MapSerializer.java:645)
	at com.fasterxml.jackson.databind.ser.std.MapSerializer.serializeFields(MapSerializer.java:451)
	at com.fasterxml.jackson.databind.ser.std.MapSerializer.serializeWithType(MapSerializer.java:431)
	at com.fasterxml.jackson.databind.ser.std.MapSerializer.serializeWithType(MapSerializer.java:27)
	at com.fasterxml.jackson.databind.ser.BeanPropertyWriter.serializeAsField(BeanPropertyWriter.java:507)
	at com.fasterxml.jackson.databind.ser.std.BeanSerializerBase.serializeFields(BeanSerializerBase.java:639)
	at com.fasterxml.jackson.databind.ser.std.BeanSerializerBase.serializeWithType(BeanSerializerBase.java:525)
	at com.fasterxml.jackson.databind.ser.impl.IndexedListSerializer.serializeTypedContents(IndexedListSerializer.java:163)
	at com.fasterxml.jackson.databind.ser.impl.IndexedListSerializer.serializeContents(IndexedListSerializer.java:73)
	at com.fasterxml.jackson.databind.ser.impl.IndexedListSerializer.serializeContents(IndexedListSerializer.java:21)
	at com.fasterxml.jackson.databind.ser.std.AsArraySerializerBase.serializeWithType(AsArraySerializerBase.java:195)
	at com.fasterxml.jackson.databind.ser.BeanPropertyWriter.serializeAsField(BeanPropertyWriter.java:507)
	at com.fasterxml.jackson.databind.ser.std.BeanSerializerBase.serializeFields(BeanSerializerBase.java:639)
	at com.fasterxml.jackson.databind.ser.std.BeanSerializerBase.serializeWithType(BeanSerializerBase.java:525)
	at com.fasterxml.jackson.databind.ser.std.MapSerializer.serializeTypedFields(MapSerializer.java:645)
	at com.fasterxml.jackson.databind.ser.std.MapSerializer.serializeFields(MapSerializer.java:451)
	at com.fasterxml.jackson.databind.ser.std.MapSerializer.serializeWithType(MapSerializer.java:431)
	at com.fasterxml.jackson.databind.ser.std.MapSerializer.serializeWithType(MapSerializer.java:27)
	at com.fasterxml.jackson.databind.ser.BeanPropertyWriter.serializeAsField(BeanPropertyWriter.java:507)
	at com.fasterxml.jackson.databind.ser.std.BeanSerializerBase.serializeFields(BeanSerializerBase.java:639)
	at com.fasterxml.jackson.databind.ser.std.BeanSerializerBase.serializeWithType(BeanSerializerBase.java:525)
	at com.fasterxml.jackson.databind.ser.BeanPropertyWriter.serializeAsField(BeanPropertyWriter.java:507)
	at com.fasterxml.jackson.databind.ser.std.BeanSerializerBase.serializeFields(BeanSerializerBase.java:639)
	at com.fasterxml.jackson.databind.ser.std.BeanSerializerBase.serializeWithType(BeanSerializerBase.java:525)
	at com.fasterxml.jackson.databind.ser.BeanPropertyWriter.serializeAsField(BeanPropertyWriter.java:507)
	at com.fasterxml.jackson.databind.ser.std.BeanSerializerBase.serializeFields(BeanSerializerBase.java:639)
	at com.fasterxml.jackson.databind.ser.std.BeanSerializerBase.serializeWithType(BeanSerializerBase.java:525)
	at com.fasterxml.jackson.databind.ser.impl.TypeWrappedSerializer.serialize(TypeWrappedSerializer.java:35)
	at com.fasterxml.jackson.databind.ser.DefaultSerializerProvider.serializeValue(DefaultSerializerProvider.java:128)
	at com.fasterxml.jackson.databind.ObjectMapper._configAndWriteValue(ObjectMapper.java:2881)
	at com.fasterxml.jackson.databind.ObjectMapper.writeValueAsBytes(ObjectMapper.java:2362)
	at org.redisson.codec.JsonJacksonCodec.encodeValue(JsonJacksonCodec.java:121)
	... 11 more
java.lang.IllegalStateException: com.fasterxml.jackson.databind.JsonMappingException: No serializer found for class org.codehaus.jackson.node.JsonNodeFactory and no properties discovered to create BeanSerializer (to avoid exception, disable SerializationFeature.FAIL_ON_EMPTY_BEANS) ) (through reference chain: com.xrtb.exchanges.Nexage["rootNode"]->org.codehaus.jackson.node.ObjectNode["_children"]->java.util.LinkedHashMap["imp"]->org.codehaus.jackson.node.ArrayNode["_children"]->java.util.ArrayList[0]->org.codehaus.jackson.node.ObjectNode["_children"]->java.util.LinkedHashMap["banner"]->org.codehaus.jackson.node.ObjectNode["_nodeFactory"])
	at org.redisson.codec.JsonJacksonCodec.encodeValue(JsonJacksonCodec.java:123)
	at org.redisson.codec.RedisCodecWrapper.encodeValue(RedisCodecWrapper.java:52)
	at com.lambdaworks.redis.protocol.CommandArgs.addValue(CommandArgs.java:74)
	at com.lambdaworks.redis.RedisAsyncConnection.publish(RedisAsyncConnection.java:598)
	at org.redisson.RedissonTopic$1.execute(RedissonTopic.java:51)
	at org.redisson.async.ResultOperation.execute(ResultOperation.java:27)
	at org.redisson.connection.MasterSlaveConnectionManager.writeAsync(MasterSlaveConnectionManager.java:231)
	at org.redisson.connection.MasterSlaveConnectionManager.writeAsync(MasterSlaveConnectionManager.java:196)
	at org.redisson.RedissonTopic.publishAsync(RedissonTopic.java:48)
	at org.redisson.RedissonTopic.publish(RedissonTopic.java:43)
	at com.xrtb.bidder.Publisher.run(Controller.java:431)
	at java.lang.Thread.run(Thread.java:745)
Caused by: com.fasterxml.jackson.databind.JsonMappingException: No serializer found for class org.codehaus.jackson.node.JsonNodeFactory and no properties discovered to create BeanSerializer (to avoid exception, disable SerializationFeature.FAIL_ON_EMPTY_BEANS) ) (through reference chain: com.xrtb.exchanges.Nexage["rootNode"]->org.codehaus.jackson.node.ObjectNode["_children"]->java.util.LinkedHashMap["imp"]->org.codehaus.jackson.node.ArrayNode["_children"]->java.util.ArrayList[0]->org.codehaus.jackson.node.ObjectNode["_children"]->java.util.LinkedHashMap["banner"]->org.codehaus.jackson.node.ObjectNode["_nodeFactory"])
	at com.fasterxml.jackson.databind.ser.impl.UnknownSerializer.failForEmpty(UnknownSerializer.java:59)
	at com.fasterxml.jackson.databind.ser.impl.UnknownSerializer.serializeWithType(UnknownSerializer.java:39)
	at com.fasterxml.jackson.databind.ser.BeanPropertyWriter.serializeAsField(BeanPropertyWriter.java:507)
	at com.fasterxml.jackson.databind.ser.std.BeanSerializerBase.serializeFields(BeanSerializerBase.java:639)
	at com.fasterxml.jackson.databind.ser.std.BeanSerializerBase.serializeWithType(BeanSerializerBase.java:525)
	at com.fasterxml.jackson.databind.ser.std.MapSerializer.serializeTypedFields(MapSerializer.java:645)
	at com.fasterxml.jackson.databind.ser.std.MapSerializer.serializeFields(MapSerializer.java:451)
	at com.fasterxml.jackson.databind.ser.std.MapSerializer.serializeWithType(MapSerializer.java:431)
	at com.fasterxml.jackson.databind.ser.std.MapSerializer.serializeWithType(MapSerializer.java:27)
	at com.fasterxml.jackson.databind.ser.BeanPropertyWriter.serializeAsField(BeanPropertyWriter.java:507)
	at com.fasterxml.jackson.databind.ser.std.BeanSerializerBase.serializeFields(BeanSerializerBase.java:639)
	at com.fasterxml.jackson.databind.ser.std.BeanSerializerBase.serializeWithType(BeanSerializerBase.java:525)
	at com.fasterxml.jackson.databind.ser.impl.IndexedListSerializer.serializeTypedContents(IndexedListSerializer.java:163)
	at com.fasterxml.jackson.databind.ser.impl.IndexedListSerializer.serializeContents(IndexedListSerializer.java:73)
	at com.fasterxml.jackson.databind.ser.impl.IndexedListSerializer.serializeContents(IndexedListSerializer.java:21)
	at com.fasterxml.jackson.databind.ser.std.AsArraySerializerBase.serializeWithType(AsArraySerializerBase.java:195)
	at com.fasterxml.jackson.databind.ser.BeanPropertyWriter.serializeAsField(BeanPropertyWriter.java:507)
	at com.fasterxml.jackson.databind.ser.std.BeanSerializerBase.serializeFields(BeanSerializerBase.java:639)
	at com.fasterxml.jackson.databind.ser.std.BeanSerializerBase.serializeWithType(BeanSerializerBase.java:525)
	at com.fasterxml.jackson.databind.ser.std.MapSerializer.serializeTypedFields(MapSerializer.java:645)
	at com.fasterxml.jackson.databind.ser.std.MapSerializer.serializeFields(MapSerializer.java:451)
	at com.fasterxml.jackson.databind.ser.std.MapSerializer.serializeWithType(MapSerializer.java:431)
	at com.fasterxml.jackson.databind.ser.std.MapSerializer.serializeWithType(MapSerializer.java:27)
	at com.fasterxml.jackson.databind.ser.BeanPropertyWriter.serializeAsField(BeanPropertyWriter.java:507)
	at com.fasterxml.jackson.databind.ser.std.BeanSerializerBase.serializeFields(BeanSerializerBase.java:639)
	at com.fasterxml.jackson.databind.ser.std.BeanSerializerBase.serializeWithType(BeanSerializerBase.java:525)
	at com.fasterxml.jackson.databind.ser.BeanPropertyWriter.serializeAsField(BeanPropertyWriter.java:507)
	at com.fasterxml.jackson.databind.ser.std.BeanSerializerBase.serializeFields(BeanSerializerBase.java:639)
	at com.fasterxml.jackson.databind.ser.std.BeanSerializerBase.serializeWithType(BeanSerializerBase.java:525)
	at com.fasterxml.jackson.databind.ser.impl.TypeWrappedSerializer.serialize(TypeWrappedSerializer.java:35)
	at com.fasterxml.jackson.databind.ser.DefaultSerializerProvider.serializeValue(DefaultSerializerProvider.java:128)
	at com.fasterxml.jackson.databind.ObjectMapper._configAndWriteValue(ObjectMapper.java:2881)
	at com.fasterxml.jackson.databind.ObjectMapper.writeValueAsBytes(ObjectMapper.java:2362)
	at org.redisson.codec.JsonJacksonCodec.encodeValue(JsonJacksonCodec.java:121)
	... 11 more
]]></system-err>
</testsuite>
