<?xml version="1.0" encoding="UTF-8" ?>
<testsuites>
  <testsuite errors="3" failures="1" hostname="ben-OptiPlex-755" id="0" name="TestBidRequests" package="com.xrtb.tests" skipped="0" tests="5" time="0.134" timestamp="2015-05-12T06:06:38">
      <properties>
[...]
</properties>

      <testcase classname="com.xrtb.tests.TestBidRequests" name="nobidWithReasonWithNoCampMatch" time="0.012">
          <error message="Please initialize the Configuration instance first." type="java.lang.RuntimeException">java.lang.RuntimeException: Please initialize the Configuration instance first.
	at com.xrtb.common.Configuration.getInstance(Configuration.java:261)
	at com.xrtb.bidder.CampaignSelector.getInstance(CampaignSelector.java:53)
	at com.xrtb.tests.TestBidRequests.nobidWithReasonWithNoCampMatch(TestBidRequests.java:124)
</error>

      </testcase>

      <testcase classname="com.xrtb.tests.TestBidRequests" name="sendCrapRequest" time="0.001">
          <error type="java.lang.NullPointerException">java.lang.NullPointerException
	at com.xrtb.bidder.CampaignSelector.clear(CampaignSelector.java:131)
	at com.xrtb.tests.TestBidRequests.sendCrapRequest(TestBidRequests.java:153)
</error>

      </testcase>

      <testcase classname="com.xrtb.tests.TestBidRequests" name="nobidWithReasonWithNoCamps" time="0.002" />

      <testcase classname="com.xrtb.tests.TestBidRequests" name="sendCrapTarget" time="0.0">
          <error type="java.lang.NullPointerException">java.lang.NullPointerException
	at com.xrtb.bidder.CampaignSelector.clear(CampaignSelector.java:131)
	at com.xrtb.tests.TestBidRequests.sendCrapTarget(TestBidRequests.java:181)
</error>

      </testcase>

      <testcase classname="com.xrtb.tests.TestBidRequests" name="respondWithNoBid" time="0.002">
          <failure type="junit.framework.AssertionFailedError">junit.framework.AssertionFailedError
	at com.xrtb.tests.TestBidRequests.respondWithNoBid(TestBidRequests.java:80)
</failure>

      </testcase>

      <system-out />

      <system-err><![CDATA[java.lang.RuntimeException: Please initialize the Configuration instance first.
	at com.xrtb.common.Configuration.getInstance(Configuration.java:261)
	at com.xrtb.tests.Config.setup(Config.java:21)
	at com.xrtb.tests.TestBidRequests.setup(TestBidRequests.java:36)
	at sun.reflect.NativeMethodAccessorImpl.invoke0(Native Method)
	at sun.reflect.NativeMethodAccessorImpl.invoke(NativeMethodAccessorImpl.java:62)
	at sun.reflect.DelegatingMethodAccessorImpl.invoke(DelegatingMethodAccessorImpl.java:43)
	at java.lang.reflect.Method.invoke(Method.java:497)
	at org.junit.runners.model.FrameworkMethod$1.runReflectiveCall(FrameworkMethod.java:47)
	at org.junit.internal.runners.model.ReflectiveCallable.run(ReflectiveCallable.java:12)
	at org.junit.runners.model.FrameworkMethod.invokeExplosively(FrameworkMethod.java:44)
	at mockit.integration.junit4.internal.JUnit4TestRunnerDecorator.invokeExplosively(JUnit4TestRunnerDecorator.java:33)
	at mockit.integration.junit4.internal.MockFrameworkMethod.invokeExplosively(MockFrameworkMethod.java:40)
	at org.junit.runners.model.FrameworkMethod.invokeExplosively(FrameworkMethod.java)
	at org.junit.internal.runners.statements.RunBefores.evaluate(RunBefores.java:24)
	at org.junit.internal.runners.statements.RunAfters.evaluate(RunAfters.java:27)
	at org.junit.runners.ParentRunner.run(ParentRunner.java:309)
	at junit.framework.JUnit4TestAdapter.run(JUnit4TestAdapter.java:38)
	at org.apache.tools.ant.taskdefs.optional.junit.JUnitTestRunner.run(JUnitTestRunner.java:532)
	at org.apache.tools.ant.taskdefs.optional.junit.JUnitTestRunner.launch(JUnitTestRunner.java:1165)
	at org.apache.tools.ant.taskdefs.optional.junit.JUnitTestRunner.main(JUnitTestRunner.java:1016)
java.lang.NullPointerException
	at com.xrtb.bidder.CampaignSelector.clear(CampaignSelector.java:131)
	at com.xrtb.tests.TestBidRequests.nobidWithReasonWithNoCamps(TestBidRequests.java:94)
	at sun.reflect.NativeMethodAccessorImpl.invoke0(Native Method)
	at sun.reflect.NativeMethodAccessorImpl.invoke(NativeMethodAccessorImpl.java:62)
	at sun.reflect.DelegatingMethodAccessorImpl.invoke(DelegatingMethodAccessorImpl.java:43)
	at java.lang.reflect.Method.invoke(Method.java:497)
	at org.junit.runners.model.FrameworkMethod$1.runReflectiveCall(FrameworkMethod.java:47)
	at org.junit.internal.runners.model.ReflectiveCallable.run(ReflectiveCallable.java:12)
	at org.junit.runners.model.FrameworkMethod.invokeExplosively(FrameworkMethod.java:44)
	at mockit.integration.junit4.internal.JUnit4TestRunnerDecorator.executeTestMethod(JUnit4TestRunnerDecorator.java:142)
	at mockit.integration.junit4.internal.JUnit4TestRunnerDecorator.invokeExplosively(JUnit4TestRunnerDecorator.java:71)
	at mockit.integration.junit4.internal.MockFrameworkMethod.invokeExplosively(MockFrameworkMethod.java:40)
	at org.junit.runners.model.FrameworkMethod.invokeExplosively(FrameworkMethod.java)
	at org.junit.internal.runners.statements.InvokeMethod.evaluate(InvokeMethod.java:17)
	at org.junit.runners.ParentRunner.runLeaf(ParentRunner.java:271)
	at org.junit.runners.BlockJUnit4ClassRunner.runChild(BlockJUnit4ClassRunner.java:70)
	at org.junit.runners.BlockJUnit4ClassRunner.runChild(BlockJUnit4ClassRunner.java:50)
	at org.junit.runners.ParentRunner$3.run(ParentRunner.java:238)
	at org.junit.runners.ParentRunner$1.schedule(ParentRunner.java:63)
	at org.junit.runners.ParentRunner.runChildren(ParentRunner.java:236)
	at org.junit.runners.ParentRunner.access$000(ParentRunner.java:53)
	at org.junit.runners.ParentRunner$2.evaluate(ParentRunner.java:229)
	at org.junit.internal.runners.statements.RunBefores.evaluate(RunBefores.java:26)
	at org.junit.internal.runners.statements.RunAfters.evaluate(RunAfters.java:27)
	at org.junit.runners.ParentRunner.run(ParentRunner.java:309)
	at junit.framework.JUnit4TestAdapter.run(JUnit4TestAdapter.java:38)
	at org.apache.tools.ant.taskdefs.optional.junit.JUnitTestRunner.run(JUnitTestRunner.java:532)
	at org.apache.tools.ant.taskdefs.optional.junit.JUnitTestRunner.launch(JUnitTestRunner.java:1165)
	at org.apache.tools.ant.taskdefs.optional.junit.JUnitTestRunner.main(JUnitTestRunner.java:1016)
java.lang.NullPointerException
	at com.xrtb.bidder.CampaignSelector.clear(CampaignSelector.java:131)
	at com.xrtb.tests.TestBidRequests.respondWithNoBid(TestBidRequests.java:60)
	at sun.reflect.NativeMethodAccessorImpl.invoke0(Native Method)
	at sun.reflect.NativeMethodAccessorImpl.invoke(NativeMethodAccessorImpl.java:62)
	at sun.reflect.DelegatingMethodAccessorImpl.invoke(DelegatingMethodAccessorImpl.java:43)
	at java.lang.reflect.Method.invoke(Method.java:497)
	at org.junit.runners.model.FrameworkMethod$1.runReflectiveCall(FrameworkMethod.java:47)
	at org.junit.internal.runners.model.ReflectiveCallable.run(ReflectiveCallable.java:12)
	at org.junit.runners.model.FrameworkMethod.invokeExplosively(FrameworkMethod.java:44)
	at mockit.integration.junit4.internal.JUnit4TestRunnerDecorator.executeTestMethod(JUnit4TestRunnerDecorator.java:142)
	at mockit.integration.junit4.internal.JUnit4TestRunnerDecorator.invokeExplosively(JUnit4TestRunnerDecorator.java:71)
	at mockit.integration.junit4.internal.MockFrameworkMethod.invokeExplosively(MockFrameworkMethod.java:40)
	at org.junit.runners.model.FrameworkMethod.invokeExplosively(FrameworkMethod.java)
	at org.junit.internal.runners.statements.InvokeMethod.evaluate(InvokeMethod.java:17)
	at org.junit.runners.ParentRunner.runLeaf(ParentRunner.java:271)
	at org.junit.runners.BlockJUnit4ClassRunner.runChild(BlockJUnit4ClassRunner.java:70)
	at org.junit.runners.BlockJUnit4ClassRunner.runChild(BlockJUnit4ClassRunner.java:50)
	at org.junit.runners.ParentRunner$3.run(ParentRunner.java:238)
	at org.junit.runners.ParentRunner$1.schedule(ParentRunner.java:63)
	at org.junit.runners.ParentRunner.runChildren(ParentRunner.java:236)
	at org.junit.runners.ParentRunner.access$000(ParentRunner.java:53)
	at org.junit.runners.ParentRunner$2.evaluate(ParentRunner.java:229)
	at org.junit.internal.runners.statements.RunBefores.evaluate(RunBefores.java:26)
	at org.junit.internal.runners.statements.RunAfters.evaluate(RunAfters.java:27)
	at org.junit.runners.ParentRunner.run(ParentRunner.java:309)
	at junit.framework.JUnit4TestAdapter.run(JUnit4TestAdapter.java:38)
	at org.apache.tools.ant.taskdefs.optional.junit.JUnitTestRunner.run(JUnitTestRunner.java:532)
	at org.apache.tools.ant.taskdefs.optional.junit.JUnitTestRunner.launch(JUnitTestRunner.java:1165)
	at org.apache.tools.ant.taskdefs.optional.junit.JUnitTestRunner.main(JUnitTestRunner.java:1016)
]]></system-err>

  </testsuite>
  <testsuite errors="3" failures="0" hostname="ben-OptiPlex-755" id="1" name="TestCampaignProcessor" package="com.xrtb.tests" skipped="0" tests="3" time="0.27" timestamp="2015-05-12T06:06:39">
      <properties>
[...]
</properties>

      <testcase classname="com.xrtb.tests.TestCampaignProcessor" name="testOneMatching" time="0.227">
          <error message="Please initialize the Configuration instance first." type="java.lang.RuntimeException">java.lang.RuntimeException: Please initialize the Configuration instance first.
	at com.xrtb.common.Configuration.getInstance(Configuration.java:261)
	at com.xrtb.pojo.BidRequest.setup(BidRequest.java:170)
	at com.xrtb.pojo.BidRequest.&lt;init&gt;(BidRequest.java:188)
	at com.xrtb.tests.TestCampaignProcessor.testOneMatching(TestCampaignProcessor.java:45)
</error>

      </testcase>

      <testcase classname="com.xrtb.tests.TestCampaignProcessor" name="testTwoMatchingCampaigns" time="0.004">
          <error message="Please initialize the Configuration instance first." type="java.lang.RuntimeException">java.lang.RuntimeException: Please initialize the Configuration instance first.
	at com.xrtb.common.Configuration.getInstance(Configuration.java:261)
	at com.xrtb.pojo.BidRequest.setup(BidRequest.java:170)
	at com.xrtb.pojo.BidRequest.&lt;init&gt;(BidRequest.java:188)
	at com.xrtb.tests.TestCampaignProcessor.testTwoMatchingCampaigns(TestCampaignProcessor.java:64)
</error>

      </testcase>

      <testcase classname="com.xrtb.tests.TestCampaignProcessor" name="testNoCampaigns" time="0.002">
          <error message="Please initialize the Configuration instance first." type="java.lang.RuntimeException">java.lang.RuntimeException: Please initialize the Configuration instance first.
	at com.xrtb.common.Configuration.getInstance(Configuration.java:261)
	at com.xrtb.pojo.BidRequest.setup(BidRequest.java:170)
	at com.xrtb.pojo.BidRequest.&lt;init&gt;(BidRequest.java:188)
	at com.xrtb.tests.TestCampaignProcessor.testNoCampaigns(TestCampaignProcessor.java:31)
</error>

      </testcase>

      <system-out />

      <system-err />

  </testsuite>
  <testsuite errors="3" failures="0" hostname="ben-OptiPlex-755" id="2" name="TestCampaigns" package="com.xrtb.tests" skipped="0" tests="3" time="0.104" timestamp="2015-05-12T06:06:40">
      <properties>
[...]
</properties>

      <testcase classname="com.xrtb.tests.TestCampaigns" name="testTemplate" time="0.052">
          <error message="Please initialize the Configuration instance first." type="java.lang.RuntimeException">java.lang.RuntimeException: Please initialize the Configuration instance first.
	at com.xrtb.common.Configuration.getInstance(Configuration.java:261)
	at com.xrtb.tests.TestCampaigns.testTemplate(TestCampaigns.java:84)
</error>

      </testcase>

      <testcase classname="com.xrtb.tests.TestCampaigns" name="testCampaign" time="0.001">
          <error message="Please initialize the Configuration instance first." type="java.lang.RuntimeException">java.lang.RuntimeException: Please initialize the Configuration instance first.
	at com.xrtb.common.Configuration.getInstance(Configuration.java:261)
	at com.xrtb.tests.TestCampaigns.testCampaign(TestCampaigns.java:41)
</error>

      </testcase>

      <testcase classname="com.xrtb.tests.TestCampaigns" name="testReplace" time="0.002">
          <error type="java.lang.ExceptionInInitializerError">java.lang.ExceptionInInitializerError
	at com.xrtb.tests.TestCampaigns.testReplace(TestCampaigns.java:31)
Caused by: java.lang.RuntimeException: Please initialize the Configuration instance first.
	at com.xrtb.common.Configuration.getInstance(Configuration.java:261)
	at com.xrtb.pojo.BidResponse.&lt;clinit&gt;(BidResponse.java:18)
</error>

      </testcase>

      <system-out />

      <system-err />

  </testsuite>
  <testsuite errors="1" failures="0" hostname="ben-OptiPlex-755" id="3" name="TestConfig" package="com.xrtb.tests" skipped="0" tests="1" time="0.122" timestamp="2015-05-12T06:06:41">
      <properties>
[...]
</properties>

      <testcase classname="com.xrtb.tests.TestConfig" name="makeFromFile" time="0.047">
          <error message="Please initialize the Configuration instance first." type="java.lang.RuntimeException">java.lang.RuntimeException: Please initialize the Configuration instance first.
	at com.xrtb.common.Configuration.getInstance(Configuration.java:261)
	at com.xrtb.tests.TestConfig.makeFromFile(TestConfig.java:21)
</error>

      </testcase>

      <system-out />

      <system-err />

  </testsuite>
  <testsuite errors="0" failures="0" hostname="ben-OptiPlex-755" id="4" name="TestDatabase" package="com.xrtb.tests" skipped="0" tests="2" time="0.181" timestamp="2015-05-12T06:06:41">
      <properties>
[...]
</properties>

      <testcase classname="com.xrtb.tests.TestDatabase" name="rawCampaign" time="0.094" />

      <testcase classname="com.xrtb.tests.TestDatabase" name="makeFile" time="0.027" />

      <system-out><![CDATA[[
  {
    "name": "ben",
    "origin": 1431410802021,
    "lastAccess": 1431410802021,
    "campaigns": [
      {
        "adId": "ben:new-campaign",
        "price": 5.0,
        "adomain": "originator.com",
        "template": {
          "default": "999",
          "exchange": {
            "mopub": "\u003ca href\u003d\u0027mopub template here\u0027 \u003c/a\u003e",
            "mobclix": "\u003ca href\u003d\u0027mobclix template here\u0027 \u003c/a\u003e",
            "nexage": "\u003ca href\u003d\u0027{RTB_REDIRECT_URL}/{RTB_CAMPAIGN_ADID}/{pub}/{bid_id}?url\u003d{campaign_forward_url}\u0027\u003e\u003cimg src\u003d\u0027{RTB_PIXEL_URL}/{pub}/{ad_id}/{bid_id}/${AUCTION_PRICE}/{creative_id}\u0027 height\u003d\u00271\u0027 width\u003d\u00271\u0027\u003e\u003c/img\u003e\u003cimg src\u003d\u0027{campaign_image_url}\u0027 height\u003d\u0027{campaign_ad_height}\u0027 width\u003d\u0027{campaign_ad_width}\u0027\u003e\u003c/img\u003e\u003c/a\u003e"
          }
        },
        "attributes": [
          {
            "operator": 4,
            "value": [
              "chive.com",
              "junk.com"
            ],
            "lval": [
              "chive.com",
              "junk.com"
            ],
            "op": "NOT_MEMBER",
            "notPresentOk": true,
            "bidRequestValues": [
              "site",
              "domain"
            ]
          },
          {
            "operator": 3,
            "value": [
              "USA",
              "MEX"
            ],
            "lval": [
              "USA",
              "MEX"
            ],
            "op": "MEMBER",
            "notPresentOk": true,
            "bidRequestValues": [
              "user",
              "geo",
              "country"
            ]
          },
          {
            "operator": 3,
            "value": [
              "CA",
              "NY",
              "MA"
            ],
            "lval": [
              "CA",
              "NY",
              "MA"
            ],
            "op": "MEMBER",
            "notPresentOk": true,
            "bidRequestValues": [
              "rtb4free",
              "geocode",
              "state"
            ]
          }
        ],
        "creatives": [
          {
            "forwardurl": "http://localhost:8080/forward?{site_id}",
            "encodedFurl": "http%3A%2F%2Flocalhost%3A8080%2Fforward%3F%7Bsite_id%7D",
            "imageurl": "http://localhost:8080/images/320x50.jpg?adid\u003d{ad_id}\u0026#38;bidid\u003d{bid_id}",
            "encodedIurl": "http%3A%2F%2Flocalhost%3A8080%2Fimages%2F320x50.jpg%3Fadid%3D%7Bad_id%7D%26%2338%3Bbidid%3D%7Bbid_id%7D",
            "impid": "23skiddoo",
            "w": 320.0,
            "h": 50.0
          },
          {
            "forwardurl": "http://localhost:8080/forward?{site_id}",
            "encodedFurl": "http%3A%2F%2Flocalhost%3A8080%2Fforward%3F%7Bsite_id%7D",
            "imageurl": "http://localhost:8080/images/320x50.gif?adid\u003d{ad_id}\u0026#38;bidid\u003d{bid_id}",
            "encodedIurl": "http%3A%2F%2Flocalhost%3A8080%2Fimages%2F320x50.gif%3Fadid%3D%7Bad_id%7D%26%2338%3Bbidid%3D%7Bbid_id%7D",
            "impid": "66skiddoo",
            "w": 640.0,
            "h": 480.0
          }
        ],
        "date": [
          20130205,
          20200101
        ]
      }
    ]
  }
]
com.xrtb.db.User@4f933fd1
]]></system-out>

      <system-err />

  </testsuite>
  <testsuite errors="1" failures="0" hostname="ben-OptiPlex-755" id="5" name="TestExtendedDevice" package="com.xrtb.tests" skipped="0" tests="1" time="0.081" timestamp="2015-05-12T06:06:42">
      <properties>
[...]
</properties>

      <testcase classname="com.xrtb.tests.TestExtendedDevice" name="testCambridgeCity" time="0.04">
          <error message="Please initialize the Configuration instance first." type="java.lang.RuntimeException">java.lang.RuntimeException: Please initialize the Configuration instance first.
	at com.xrtb.common.Configuration.getInstance(Configuration.java:261)
	at com.xrtb.tests.TestExtendedDevice.testCambridgeCity(TestExtendedDevice.java:32)
</error>

      </testcase>

      <system-out />

      <system-err />

  </testsuite>
  <testsuite errors="1" failures="0" hostname="ben-OptiPlex-755" id="6" name="TestGeoNode" package="com.xrtb.tests" skipped="0" tests="2" time="0.831" timestamp="2015-05-12T06:06:42">
      <properties>
[...]
</properties>

      <testcase classname="com.xrtb.tests.TestGeoNode" name="testCambridgeCity" time="0.044">
          <error message="Please initialize the Configuration instance first." type="java.lang.RuntimeException">java.lang.RuntimeException: Please initialize the Configuration instance first.
	at com.xrtb.common.Configuration.getInstance(Configuration.java:261)
	at com.xrtb.tests.TestGeoNode.testCambridgeCity(TestGeoNode.java:34)
</error>

      </testcase>

      <testcase classname="com.xrtb.tests.TestGeoNode" name="testSolution" time="0.749" />

      <system-out />

      <system-err />

  </testsuite>
  <testsuite errors="0" failures="0" hostname="ben-OptiPlex-755" id="7" name="TestGeoTag" package="com.xrtb.tests" skipped="0" tests="1" time="0.814" timestamp="2015-05-12T06:06:43">
      <properties>
[...]
</properties>

      <testcase classname="com.xrtb.tests.TestGeoTag" name="testHaversignCalc" time="0.773" />

      <system-out />

      <system-err />

  </testsuite>
  <testsuite errors="1" failures="1" hostname="ben-OptiPlex-755" id="8" name="TestJJS" package="com.xrtb.tests" skipped="0" tests="3" time="0.761" timestamp="2015-05-12T04:56:35">
      <properties>
[...]
</properties>

      <testcase classname="com.xrtb.tests.TestJJS" name="testSetup" time="0.039">
          <error message="Please initialize the Configuration instance first." type="java.lang.RuntimeException">java.lang.RuntimeException: Please initialize the Configuration instance first.
	at com.xrtb.common.Configuration.getInstance(Configuration.java:261)
	at com.xrtb.tests.TestJJS.testSetup(TestJJS.java:32)
</error>

      </testcase>

      <testcase classname="com.xrtb.tests.TestJJS" name="testCleanup" time="0.002" />

      <testcase classname="com.xrtb.tests.TestJJS" name="testNashorn" time="0.679">
          <failure message="java.lang.RuntimeException: Please initialize the Configuration instance first." type="junit.framework.AssertionFailedError">junit.framework.AssertionFailedError: java.lang.RuntimeException: Please initialize the Configuration instance first.
	at com.xrtb.tests.TestJJS.testNashorn(TestJJS.java:88)
</failure>

      </testcase>

      <system-out />

      <system-err><![CDATA[java.lang.RuntimeException: Please initialize the Configuration instance first.
	at com.xrtb.common.Configuration.getInstance(Configuration.java:261)
	at jdk.nashorn.internal.scripts.Script$\^eval\_.:program(<eval>:1)
	at jdk.nashorn.internal.runtime.ScriptFunctionData.invoke(ScriptFunctionData.java:636)
	at jdk.nashorn.internal.runtime.ScriptFunction.invoke(ScriptFunction.java:229)
	at jdk.nashorn.internal.runtime.ScriptRuntime.apply(ScriptRuntime.java:387)
	at jdk.nashorn.api.scripting.NashornScriptEngine.evalImpl(NashornScriptEngine.java:437)
	at jdk.nashorn.api.scripting.NashornScriptEngine.evalImpl(NashornScriptEngine.java:401)
	at jdk.nashorn.api.scripting.NashornScriptEngine.evalImpl(NashornScriptEngine.java:397)
	at jdk.nashorn.api.scripting.NashornScriptEngine.eval(NashornScriptEngine.java:152)
	at javax.script.AbstractScriptEngine.eval(AbstractScriptEngine.java:264)
	at com.xrtb.tests.TestJJS.testNashorn(TestJJS.java:56)
	at sun.reflect.NativeMethodAccessorImpl.invoke0(Native Method)
	at sun.reflect.NativeMethodAccessorImpl.invoke(NativeMethodAccessorImpl.java:62)
	at sun.reflect.DelegatingMethodAccessorImpl.invoke(DelegatingMethodAccessorImpl.java:43)
	at java.lang.reflect.Method.invoke(Method.java:497)
	at junit.framework.TestCase.runTest(TestCase.java:176)
	at junit.framework.TestCase.runBare(TestCase.java:141)
	at junit.framework.TestResult$1.protect(TestResult.java:122)
	at junit.framework.TestResult.runProtected(TestResult.java:142)
	at junit.framework.TestResult.run(TestResult.java:125)
	at junit.framework.TestCase.run(TestCase.java:129)
	at junit.framework.TestSuite.runTest(TestSuite.java:255)
	at junit.framework.TestSuite.run(TestSuite.java:250)
	at org.apache.tools.ant.taskdefs.optional.junit.JUnitTestRunner.run(JUnitTestRunner.java:532)
	at org.apache.tools.ant.taskdefs.optional.junit.JUnitTestRunner.launch(JUnitTestRunner.java:1165)
	at org.apache.tools.ant.taskdefs.optional.junit.JUnitTestRunner.main(JUnitTestRunner.java:1016)
]]></system-err>

  </testsuite>
  <testsuite errors="1" failures="0" hostname="ben-OptiPlex-755" id="9" name="TestMisc" package="com.xrtb.tests" skipped="0" tests="1" time="0.083" timestamp="2015-05-12T06:06:44">
      <properties>
[...]
</properties>

      <testcase classname="com.xrtb.tests.TestMisc" name="testAssortedMethods" time="0.043">
          <error type="java.lang.ExceptionInInitializerError">java.lang.ExceptionInInitializerError
	at com.xrtb.tests.TestMisc.testAssortedMethods(TestMisc.java:26)
Caused by: java.lang.RuntimeException: Please initialize the Configuration instance first.
	at com.xrtb.common.Configuration.getInstance(Configuration.java:261)
	at com.xrtb.pojo.BidResponse.&lt;clinit&gt;(BidResponse.java:18)
</error>

      </testcase>

      <system-out />

      <system-err />

  </testsuite>
  <testsuite errors="3" failures="0" hostname="ben-OptiPlex-755" id="10" name="TestNode" package="com.xrtb.tests" skipped="0" tests="3" time="0.231" timestamp="2015-05-12T06:06:45">
      <properties>
[...]
</properties>

      <testcase classname="com.xrtb.tests.TestNode" name="testOperators" time="0.175">
          <error message="Please initialize the Configuration instance first." type="java.lang.RuntimeException">java.lang.RuntimeException: Please initialize the Configuration instance first.
	at com.xrtb.common.Configuration.getInstance(Configuration.java:261)
	at com.xrtb.pojo.BidRequest.setup(BidRequest.java:170)
	at com.xrtb.pojo.BidRequest.&lt;init&gt;(BidRequest.java:188)
	at com.xrtb.tests.TestNode.testOperators(TestNode.java:86)
</error>

      </testcase>

      <testcase classname="com.xrtb.tests.TestNode" name="testSets" time="0.007">
          <error message="Please initialize the Configuration instance first." type="java.lang.RuntimeException">java.lang.RuntimeException: Please initialize the Configuration instance first.
	at com.xrtb.common.Configuration.getInstance(Configuration.java:261)
	at com.xrtb.pojo.BidRequest.setup(BidRequest.java:170)
	at com.xrtb.pojo.BidRequest.&lt;init&gt;(BidRequest.java:188)
	at com.xrtb.tests.TestNode.testSets(TestNode.java:172)
</error>

      </testcase>

      <testcase classname="com.xrtb.tests.TestNode" name="makeSimpleCampaign" time="0.002">
          <error message="Please initialize the Configuration instance first." type="java.lang.RuntimeException">java.lang.RuntimeException: Please initialize the Configuration instance first.
	at com.xrtb.common.Configuration.getInstance(Configuration.java:261)
	at com.xrtb.pojo.BidRequest.setup(BidRequest.java:170)
	at com.xrtb.pojo.BidRequest.&lt;init&gt;(BidRequest.java:188)
	at com.xrtb.tests.TestNode.makeSimpleCampaign(TestNode.java:52)
</error>

      </testcase>

      <system-out />

      <system-err />

  </testsuite>
  <testsuite errors="4" failures="0" hostname="ben-OptiPlex-755" id="11" name="TestRanges" package="com.xrtb.tests" skipped="0" tests="5" time="0.321" timestamp="2015-05-12T06:06:46">
      <properties>
[...]
</properties>

      <testcase classname="com.xrtb.tests.TestRanges" name="testGeoSingleFenceInRangeButNoGeoInBR" time="0.01">
          <error message="Please initialize the Configuration instance first." type="java.lang.RuntimeException">java.lang.RuntimeException: Please initialize the Configuration instance first.
	at com.xrtb.common.Configuration.getInstance(Configuration.java:261)
	at com.xrtb.tests.TestRanges.testGeoSingleFenceInRangeButNoGeoInBR(TestRanges.java:173)
</error>

      </testcase>

      <testcase classname="com.xrtb.tests.TestRanges" name="testGeoInBidRequest" time="0.182">
          <error message="Please initialize the Configuration instance first." type="java.lang.RuntimeException">java.lang.RuntimeException: Please initialize the Configuration instance first.
	at com.xrtb.common.Configuration.getInstance(Configuration.java:261)
	at com.xrtb.pojo.BidRequest.setup(BidRequest.java:170)
	at com.xrtb.pojo.BidRequest.&lt;init&gt;(BidRequest.java:188)
	at com.xrtb.tests.TestRanges.testGeoInBidRequest(TestRanges.java:75)
</error>

      </testcase>

      <testcase classname="com.xrtb.tests.TestRanges" name="testGeoSingleFenceInRange" time="0.001">
          <error message="Please initialize the Configuration instance first." type="java.lang.RuntimeException">java.lang.RuntimeException: Please initialize the Configuration instance first.
	at com.xrtb.common.Configuration.getInstance(Configuration.java:261)
	at com.xrtb.tests.TestRanges.testGeoSingleFenceInRange(TestRanges.java:139)
</error>

      </testcase>

      <testcase classname="com.xrtb.tests.TestRanges" name="testGeoSingleFenceNotInRange" time="0.001">
          <error message="Please initialize the Configuration instance first." type="java.lang.RuntimeException">java.lang.RuntimeException: Please initialize the Configuration instance first.
	at com.xrtb.common.Configuration.getInstance(Configuration.java:261)
	at com.xrtb.tests.TestRanges.testGeoSingleFenceNotInRange(TestRanges.java:105)
</error>

      </testcase>

      <testcase classname="com.xrtb.tests.TestRanges" name="testLosAngelesToSF" time="0.003" />

      <system-out />

      <system-err><![CDATA[java.lang.RuntimeException: Please initialize the Configuration instance first.
	at com.xrtb.common.Configuration.getInstance(Configuration.java:261)
	at com.xrtb.tests.Config.setup(Config.java:21)
	at com.xrtb.tests.TestRanges.setup(TestRanges.java:39)
	at sun.reflect.NativeMethodAccessorImpl.invoke0(Native Method)
	at sun.reflect.NativeMethodAccessorImpl.invoke(NativeMethodAccessorImpl.java:62)
	at sun.reflect.DelegatingMethodAccessorImpl.invoke(DelegatingMethodAccessorImpl.java:43)
	at java.lang.reflect.Method.invoke(Method.java:497)
	at org.junit.runners.model.FrameworkMethod$1.runReflectiveCall(FrameworkMethod.java:47)
	at org.junit.internal.runners.model.ReflectiveCallable.run(ReflectiveCallable.java:12)
	at org.junit.runners.model.FrameworkMethod.invokeExplosively(FrameworkMethod.java:44)
	at mockit.integration.junit4.internal.JUnit4TestRunnerDecorator.invokeExplosively(JUnit4TestRunnerDecorator.java:33)
	at mockit.integration.junit4.internal.MockFrameworkMethod.invokeExplosively(MockFrameworkMethod.java:40)
	at org.junit.runners.model.FrameworkMethod.invokeExplosively(FrameworkMethod.java)
	at org.junit.internal.runners.statements.RunBefores.evaluate(RunBefores.java:24)
	at org.junit.internal.runners.statements.RunAfters.evaluate(RunAfters.java:27)
	at org.junit.runners.ParentRunner.run(ParentRunner.java:309)
	at junit.framework.JUnit4TestAdapter.run(JUnit4TestAdapter.java:38)
	at org.apache.tools.ant.taskdefs.optional.junit.JUnitTestRunner.run(JUnitTestRunner.java:532)
	at org.apache.tools.ant.taskdefs.optional.junit.JUnitTestRunner.launch(JUnitTestRunner.java:1165)
	at org.apache.tools.ant.taskdefs.optional.junit.JUnitTestRunner.main(JUnitTestRunner.java:1016)
]]></system-err>

  </testsuite>
  <testsuite errors="0" failures="1" hostname="ben-OptiPlex-755" id="12" name="TestRedis" package="com.xrtb.tests" skipped="0" tests="0" time="0.054" timestamp="2015-05-12T06:06:47">
      <properties>
[...]
</properties>

      <testcase classname="junit.framework.TestSuite" name="com.xrtb.tests.TestRedis" time="0.001">
          <failure message="No connection: java.lang.RuntimeException: Please initialize the Configuration instance first." type="junit.framework.AssertionFailedError">junit.framework.AssertionFailedError: No connection: java.lang.RuntimeException: Please initialize the Configuration instance first.
	at com.xrtb.tests.TestRedis.testSetup(TestRedis.java:63)
	at mockit.integration.junit4.internal.JUnit4TestRunnerDecorator.invokeExplosively(JUnit4TestRunnerDecorator.java:33)
	at mockit.integration.junit4.internal.MockFrameworkMethod.invokeExplosively(MockFrameworkMethod.java:40)
</failure>

      </testcase>

      <system-out />

      <system-err />

  </testsuite>
  <testsuite errors="1" failures="0" hostname="ben-OptiPlex-755" id="13" name="TestServer" package="com.xrtb.tests" skipped="0" tests="1" time="0.125" timestamp="2015-05-12T06:06:48">
      <properties>
[...]
</properties>

      <testcase classname="com.xrtb.tests.TestServer" name="testBid" time="0.029">
          <error message="Connection refused" type="java.net.ConnectException">java.net.ConnectException: Connection refused
	at java.net.PlainSocketImpl.socketConnect(Native Method)
	at java.net.AbstractPlainSocketImpl.doConnect(AbstractPlainSocketImpl.java:345)
	at java.net.AbstractPlainSocketImpl.connectToAddress(AbstractPlainSocketImpl.java:206)
	at java.net.AbstractPlainSocketImpl.connect(AbstractPlainSocketImpl.java:188)
	at java.net.SocksSocketImpl.connect(SocksSocketImpl.java:392)
	at java.net.Socket.connect(Socket.java:589)
	at java.net.Socket.connect(Socket.java:538)
	at com.xrtb.common.HttpPostGet.sendPost(HttpPostGet.java:78)
	at com.xrtb.tests.TestServer.testBid(TestServer.java:54)
</error>

      </testcase>

      <system-out />

      <system-err><![CDATA[java.lang.RuntimeException: Please initialize the Configuration instance first.
	at com.xrtb.common.Configuration.getInstance(Configuration.java:261)
	at com.xrtb.tests.Config.setup(Config.java:21)
	at com.xrtb.tests.TestServer.setup(TestServer.java:29)
	at sun.reflect.NativeMethodAccessorImpl.invoke0(Native Method)
	at sun.reflect.NativeMethodAccessorImpl.invoke(NativeMethodAccessorImpl.java:62)
	at sun.reflect.DelegatingMethodAccessorImpl.invoke(DelegatingMethodAccessorImpl.java:43)
	at java.lang.reflect.Method.invoke(Method.java:497)
	at org.junit.runners.model.FrameworkMethod$1.runReflectiveCall(FrameworkMethod.java:47)
	at org.junit.internal.runners.model.ReflectiveCallable.run(ReflectiveCallable.java:12)
	at org.junit.runners.model.FrameworkMethod.invokeExplosively(FrameworkMethod.java:44)
	at mockit.integration.junit4.internal.JUnit4TestRunnerDecorator.invokeExplosively(JUnit4TestRunnerDecorator.java:33)
	at mockit.integration.junit4.internal.MockFrameworkMethod.invokeExplosively(MockFrameworkMethod.java:40)
	at org.junit.runners.model.FrameworkMethod.invokeExplosively(FrameworkMethod.java)
	at org.junit.internal.runners.statements.RunBefores.evaluate(RunBefores.java:24)
	at org.junit.internal.runners.statements.RunAfters.evaluate(RunAfters.java:27)
	at org.junit.runners.ParentRunner.run(ParentRunner.java:309)
	at junit.framework.JUnit4TestAdapter.run(JUnit4TestAdapter.java:38)
	at org.apache.tools.ant.taskdefs.optional.junit.JUnitTestRunner.run(JUnitTestRunner.java:532)
	at org.apache.tools.ant.taskdefs.optional.junit.JUnitTestRunner.launch(JUnitTestRunner.java:1165)
	at org.apache.tools.ant.taskdefs.optional.junit.JUnitTestRunner.main(JUnitTestRunner.java:1016)
]]></system-err>

  </testsuite>
  <testsuite errors="0" failures="0" hostname="ben-OptiPlex-755" id="14" name="TestValidBids" package="com.xrtb.tests" skipped="0" tests="4" time="4.866" timestamp="2015-05-12T06:06:48">
      <properties>
[...]
</properties>

      <testcase classname="com.xrtb.tests.TestValidBids" name="testSetup" time="4.584" />

      <testcase classname="com.xrtb.tests.TestValidBids" name="testRespondWithNoBid" time="0.125" />

      <testcase classname="com.xrtb.tests.TestValidBids" name="testRespondWithBid" time="0.057" />

      <testcase classname="com.xrtb.tests.TestValidBids" name="testCleanup" time="0.062" />

      <system-out><![CDATA[No bid: No matching campaign
===============>99999999
XTIME: 15
RTTIME: 18
{"seatbid":[{"seat":"99999999","bid":[{"impid":"23skiddoo","id":"35c22289-06e2-48e9-a0cd-94aeb79fab43","price":5.0,"adid":"ben:payday","nurl":"http://localhost:8080/rtb/win/nexage/5.0/42.378/-71.227/ben:payday/35c22289-06e2-48e9-a0cd-94aeb79fab43/http%3A%2F%2Flocalhost%3A8080%2Fforward%3F99201/http%3A%2F%2Flocalhost%3A8080%2Fimages%2F320x50.jpg%3Fadid%3Dben:payday%26%2338%3Bbidid%3D35c22289-06e2-48e9-a0cd-94aeb79fab43","cid":"ben:payday","crid":"23skiddoo","iurl":"http://localhost:8080/images/320x50.jpg?adid=ben:payday&#38;bidid=35c22289-06e2-48e9-a0cd-94aeb79fab43","adomain":"originator.com","adm":"<a href='http://localhost:8080/redirect/???/nexage/35c22289-06e2-48e9-a0cd-94aeb79fab43?url=http://localhost:8080/forward?99201'><img src='http://localhost:8080/pixel/nexage/ben:payday/35c22289-06e2-48e9-a0cd-94aeb79fab43/${AUCTION_PRICE}/23skiddoo' height='1' width='1'></img><img src='http://localhost:8080/images/320x50.jpg?adid=ben:payday&#38;bidid=35c22289-06e2-48e9-a0cd-94aeb79fab43' height='50.0' width='320.0'></img></a>"}]}],"id":"35c22289-06e2-48e9-a0cd-94aeb79fab43","bidid":"35c22289-06e2-48e9-a0cd-94aeb79fab43"}

]]></system-out>

      <system-err><![CDATA[[Thread-7] INFO org.eclipse.jetty.server.Server - jetty-8.1.13.v20130916
[Thread-7] INFO org.eclipse.jetty.server.AbstractConnector - Started SelectChannelConnector@0.0.0.0:8080
java.lang.IllegalStateException: com.fasterxml.jackson.databind.JsonMappingException: No serializer found for class org.codehaus.jackson.node.JsonNodeFactory and no properties discovered to create BeanSerializer (to avoid exception, disable SerializationFeature.FAIL_ON_EMPTY_BEANS) ) (through reference chain: com.xrtb.pojo.BidResponse["br"]->com.xrtb.exchanges.Nexage["rootNode"]->org.codehaus.jackson.node.ObjectNode["_children"]->java.util.LinkedHashMap["imp"]->org.codehaus.jackson.node.ArrayNode["_children"]->java.util.ArrayList[0]->org.codehaus.jackson.node.ObjectNode["_children"]->java.util.LinkedHashMap["banner"]->org.codehaus.jackson.node.ObjectNode["_nodeFactory"])
	at org.redisson.codec.JsonJacksonCodec.encodeValue(JsonJacksonCodec.java:123)
	at org.redisson.codec.RedisCodecWrapper.encodeValue(RedisCodecWrapper.java:52)
	at com.lambdaworks.redis.protocol.CommandArgs.addValue(CommandArgs.java:74)
	at com.lambdaworks.redis.RedisAsyncConnection.publish(RedisAsyncConnection.java:598)
	at org.redisson.RedissonTopic$1.execute(RedissonTopic.java:51)
	at org.redisson.async.ResultOperation.execute(ResultOperation.java:27)
	at org.redisson.connection.MasterSlaveConnectionManager.writeAsync(MasterSlaveConnectionManager.java:231)
	at org.redisson.connection.MasterSlaveConnectionManager.writeAsync(MasterSlaveConnectionManager.java:196)
	at org.redisson.RedissonTopic.publishAsync(RedissonTopic.java:48)
	at org.redisson.RedissonTopic.publish(RedissonTopic.java:43)
	at com.xrtb.bidder.Publisher.run(Controller.java:431)
	at java.lang.Thread.run(Thread.java:745)
Caused by: com.fasterxml.jackson.databind.JsonMappingException: No serializer found for class org.codehaus.jackson.node.JsonNodeFactory and no properties discovered to create BeanSerializer (to avoid exception, disable SerializationFeature.FAIL_ON_EMPTY_BEANS) ) (through reference chain: com.xrtb.pojo.BidResponse["br"]->com.xrtb.exchanges.Nexage["rootNode"]->org.codehaus.jackson.node.ObjectNode["_children"]->java.util.LinkedHashMap["imp"]->org.codehaus.jackson.node.ArrayNode["_children"]->java.util.ArrayList[0]->org.codehaus.jackson.node.ObjectNode["_children"]->java.util.LinkedHashMap["banner"]->org.codehaus.jackson.node.ObjectNode["_nodeFactory"])
	at com.fasterxml.jackson.databind.ser.impl.UnknownSerializer.failForEmpty(UnknownSerializer.java:59)
	at com.fasterxml.jackson.databind.ser.impl.UnknownSerializer.serializeWithType(UnknownSerializer.java:39)
	at com.fasterxml.jackson.databind.ser.BeanPropertyWriter.serializeAsField(BeanPropertyWriter.java:507)
	at com.fasterxml.jackson.databind.ser.std.BeanSerializerBase.serializeFields(BeanSerializerBase.java:639)
	at com.fasterxml.jackson.databind.ser.std.BeanSerializerBase.serializeWithType(BeanSerializerBase.java:525)
	at com.fasterxml.jackson.databind.ser.std.MapSerializer.serializeTypedFields(MapSerializer.java:645)
	at com.fasterxml.jackson.databind.ser.std.MapSerializer.serializeFields(MapSerializer.java:451)
	at com.fasterxml.jackson.databind.ser.std.MapSerializer.serializeWithType(MapSerializer.java:431)
	at com.fasterxml.jackson.databind.ser.std.MapSerializer.serializeWithType(MapSerializer.java:27)
	at com.fasterxml.jackson.databind.ser.BeanPropertyWriter.serializeAsField(BeanPropertyWriter.java:507)
	at com.fasterxml.jackson.databind.ser.std.BeanSerializerBase.serializeFields(BeanSerializerBase.java:639)
	at com.fasterxml.jackson.databind.ser.std.BeanSerializerBase.serializeWithType(BeanSerializerBase.java:525)
	at com.fasterxml.jackson.databind.ser.impl.IndexedListSerializer.serializeTypedContents(IndexedListSerializer.java:163)
	at com.fasterxml.jackson.databind.ser.impl.IndexedListSerializer.serializeContents(IndexedListSerializer.java:73)
	at com.fasterxml.jackson.databind.ser.impl.IndexedListSerializer.serializeContents(IndexedListSerializer.java:21)
	at com.fasterxml.jackson.databind.ser.std.AsArraySerializerBase.serializeWithType(AsArraySerializerBase.java:195)
	at com.fasterxml.jackson.databind.ser.BeanPropertyWriter.serializeAsField(BeanPropertyWriter.java:507)
	at com.fasterxml.jackson.databind.ser.std.BeanSerializerBase.serializeFields(BeanSerializerBase.java:639)
	at com.fasterxml.jackson.databind.ser.std.BeanSerializerBase.serializeWithType(BeanSerializerBase.java:525)
	at com.fasterxml.jackson.databind.ser.std.MapSerializer.serializeTypedFields(MapSerializer.java:645)
	at com.fasterxml.jackson.databind.ser.std.MapSerializer.serializeFields(MapSerializer.java:451)
	at com.fasterxml.jackson.databind.ser.std.MapSerializer.serializeWithType(MapSerializer.java:431)
	at com.fasterxml.jackson.databind.ser.std.MapSerializer.serializeWithType(MapSerializer.java:27)
	at com.fasterxml.jackson.databind.ser.BeanPropertyWriter.serializeAsField(BeanPropertyWriter.java:507)
	at com.fasterxml.jackson.databind.ser.std.BeanSerializerBase.serializeFields(BeanSerializerBase.java:639)
	at com.fasterxml.jackson.databind.ser.std.BeanSerializerBase.serializeWithType(BeanSerializerBase.java:525)
	at com.fasterxml.jackson.databind.ser.BeanPropertyWriter.serializeAsField(BeanPropertyWriter.java:507)
	at com.fasterxml.jackson.databind.ser.std.BeanSerializerBase.serializeFields(BeanSerializerBase.java:639)
	at com.fasterxml.jackson.databind.ser.std.BeanSerializerBase.serializeWithType(BeanSerializerBase.java:525)
	at com.fasterxml.jackson.databind.ser.BeanPropertyWriter.serializeAsField(BeanPropertyWriter.java:507)
	at com.fasterxml.jackson.databind.ser.std.BeanSerializerBase.serializeFields(BeanSerializerBase.java:639)
	at com.fasterxml.jackson.databind.ser.std.BeanSerializerBase.serializeWithType(BeanSerializerBase.java:525)
	at com.fasterxml.jackson.databind.ser.impl.TypeWrappedSerializer.serialize(TypeWrappedSerializer.java:35)
	at com.fasterxml.jackson.databind.ser.DefaultSerializerProvider.serializeValue(DefaultSerializerProvider.java:128)
	at com.fasterxml.jackson.databind.ObjectMapper._configAndWriteValue(ObjectMapper.java:2881)
	at com.fasterxml.jackson.databind.ObjectMapper.writeValueAsBytes(ObjectMapper.java:2362)
	at org.redisson.codec.JsonJacksonCodec.encodeValue(JsonJacksonCodec.java:121)
	... 11 more
java.lang.IllegalStateException: com.fasterxml.jackson.databind.JsonMappingException: No serializer found for class org.codehaus.jackson.node.JsonNodeFactory and no properties discovered to create BeanSerializer (to avoid exception, disable SerializationFeature.FAIL_ON_EMPTY_BEANS) ) (through reference chain: com.xrtb.exchanges.Nexage["rootNode"]->org.codehaus.jackson.node.ObjectNode["_children"]->java.util.LinkedHashMap["imp"]->org.codehaus.jackson.node.ArrayNode["_children"]->java.util.ArrayList[0]->org.codehaus.jackson.node.ObjectNode["_children"]->java.util.LinkedHashMap["banner"]->org.codehaus.jackson.node.ObjectNode["_nodeFactory"])
	at org.redisson.codec.JsonJacksonCodec.encodeValue(JsonJacksonCodec.java:123)
	at org.redisson.codec.RedisCodecWrapper.encodeValue(RedisCodecWrapper.java:52)
	at com.lambdaworks.redis.protocol.CommandArgs.addValue(CommandArgs.java:74)
	at com.lambdaworks.redis.RedisAsyncConnection.publish(RedisAsyncConnection.java:598)
	at org.redisson.RedissonTopic$1.execute(RedissonTopic.java:51)
	at org.redisson.async.ResultOperation.execute(ResultOperation.java:27)
	at org.redisson.connection.MasterSlaveConnectionManager.writeAsync(MasterSlaveConnectionManager.java:231)
	at org.redisson.connection.MasterSlaveConnectionManager.writeAsync(MasterSlaveConnectionManager.java:196)
	at org.redisson.RedissonTopic.publishAsync(RedissonTopic.java:48)
	at org.redisson.RedissonTopic.publish(RedissonTopic.java:43)
	at com.xrtb.bidder.Publisher.run(Controller.java:431)
	at java.lang.Thread.run(Thread.java:745)
Caused by: com.fasterxml.jackson.databind.JsonMappingException: No serializer found for class org.codehaus.jackson.node.JsonNodeFactory and no properties discovered to create BeanSerializer (to avoid exception, disable SerializationFeature.FAIL_ON_EMPTY_BEANS) ) (through reference chain: com.xrtb.exchanges.Nexage["rootNode"]->org.codehaus.jackson.node.ObjectNode["_children"]->java.util.LinkedHashMap["imp"]->org.codehaus.jackson.node.ArrayNode["_children"]->java.util.ArrayList[0]->org.codehaus.jackson.node.ObjectNode["_children"]->java.util.LinkedHashMap["banner"]->org.codehaus.jackson.node.ObjectNode["_nodeFactory"])
	at com.fasterxml.jackson.databind.ser.impl.UnknownSerializer.failForEmpty(UnknownSerializer.java:59)
	at com.fasterxml.jackson.databind.ser.impl.UnknownSerializer.serializeWithType(UnknownSerializer.java:39)
	at com.fasterxml.jackson.databind.ser.BeanPropertyWriter.serializeAsField(BeanPropertyWriter.java:507)
	at com.fasterxml.jackson.databind.ser.std.BeanSerializerBase.serializeFields(BeanSerializerBase.java:639)
	at com.fasterxml.jackson.databind.ser.std.BeanSerializerBase.serializeWithType(BeanSerializerBase.java:525)
	at com.fasterxml.jackson.databind.ser.std.MapSerializer.serializeTypedFields(MapSerializer.java:645)
	at com.fasterxml.jackson.databind.ser.std.MapSerializer.serializeFields(MapSerializer.java:451)
	at com.fasterxml.jackson.databind.ser.std.MapSerializer.serializeWithType(MapSerializer.java:431)
	at com.fasterxml.jackson.databind.ser.std.MapSerializer.serializeWithType(MapSerializer.java:27)
	at com.fasterxml.jackson.databind.ser.BeanPropertyWriter.serializeAsField(BeanPropertyWriter.java:507)
	at com.fasterxml.jackson.databind.ser.std.BeanSerializerBase.serializeFields(BeanSerializerBase.java:639)
	at com.fasterxml.jackson.databind.ser.std.BeanSerializerBase.serializeWithType(BeanSerializerBase.java:525)
	at com.fasterxml.jackson.databind.ser.impl.IndexedListSerializer.serializeTypedContents(IndexedListSerializer.java:163)
	at com.fasterxml.jackson.databind.ser.impl.IndexedListSerializer.serializeContents(IndexedListSerializer.java:73)
	at com.fasterxml.jackson.databind.ser.impl.IndexedListSerializer.serializeContents(IndexedListSerializer.java:21)
	at com.fasterxml.jackson.databind.ser.std.AsArraySerializerBase.serializeWithType(AsArraySerializerBase.java:195)
	at com.fasterxml.jackson.databind.ser.BeanPropertyWriter.serializeAsField(BeanPropertyWriter.java:507)
	at com.fasterxml.jackson.databind.ser.std.BeanSerializerBase.serializeFields(BeanSerializerBase.java:639)
	at com.fasterxml.jackson.databind.ser.std.BeanSerializerBase.serializeWithType(BeanSerializerBase.java:525)
	at com.fasterxml.jackson.databind.ser.std.MapSerializer.serializeTypedFields(MapSerializer.java:645)
	at com.fasterxml.jackson.databind.ser.std.MapSerializer.serializeFields(MapSerializer.java:451)
	at com.fasterxml.jackson.databind.ser.std.MapSerializer.serializeWithType(MapSerializer.java:431)
	at com.fasterxml.jackson.databind.ser.std.MapSerializer.serializeWithType(MapSerializer.java:27)
	at com.fasterxml.jackson.databind.ser.BeanPropertyWriter.serializeAsField(BeanPropertyWriter.java:507)
	at com.fasterxml.jackson.databind.ser.std.BeanSerializerBase.serializeFields(BeanSerializerBase.java:639)
	at com.fasterxml.jackson.databind.ser.std.BeanSerializerBase.serializeWithType(BeanSerializerBase.java:525)
	at com.fasterxml.jackson.databind.ser.BeanPropertyWriter.serializeAsField(BeanPropertyWriter.java:507)
	at com.fasterxml.jackson.databind.ser.std.BeanSerializerBase.serializeFields(BeanSerializerBase.java:639)
	at com.fasterxml.jackson.databind.ser.std.BeanSerializerBase.serializeWithType(BeanSerializerBase.java:525)
	at com.fasterxml.jackson.databind.ser.impl.TypeWrappedSerializer.serialize(TypeWrappedSerializer.java:35)
	at com.fasterxml.jackson.databind.ser.DefaultSerializerProvider.serializeValue(DefaultSerializerProvider.java:128)
	at com.fasterxml.jackson.databind.ObjectMapper._configAndWriteValue(ObjectMapper.java:2881)
	at com.fasterxml.jackson.databind.ObjectMapper.writeValueAsBytes(ObjectMapper.java:2362)
	at org.redisson.codec.JsonJacksonCodec.encodeValue(JsonJacksonCodec.java:121)
	... 11 more
]]></system-err>

  </testsuite>
  <testsuite errors="0" failures="0" hostname="ben-OptiPlex-755" id="15" name="TestWinProcessing" package="com.xrtb.tests" skipped="0" tests="1" time="5.467" timestamp="2015-05-12T06:06:54">
      <properties>
[...]
</properties>

      <testcase classname="com.xrtb.tests.TestWinProcessing" name="testWinProcessing" time="0.309" />

      <system-out><![CDATA[<a href='http://localhost:8080/redirect/???/nexage/35c22289-06e2-48e9-a0cd-94aeb79fab43?url=http://localhost:8080/forward?99201'><img src='http://localhost:8080/pixel/nexage/ben:payday/35c22289-06e2-48e9-a0cd-94aeb79fab43/${AUCTION_PRICE}/23skiddoo' height='1' width='1'></img><img src='http://localhost:8080/images/320x50.jpg?adid=ben:payday&#38;bidid=35c22289-06e2-48e9-a0cd-94aeb79fab43' height='50.0' width='320.0'></img></a>

]]></system-out>

      <system-err><![CDATA[[Thread-7] INFO org.eclipse.jetty.server.Server - jetty-8.1.13.v20130916
[Thread-7] INFO org.eclipse.jetty.server.AbstractConnector - Started SelectChannelConnector@0.0.0.0:8080
java.lang.IllegalStateException: com.fasterxml.jackson.databind.JsonMappingException: No serializer found for class org.codehaus.jackson.node.JsonNodeFactory and no properties discovered to create BeanSerializer (to avoid exception, disable SerializationFeature.FAIL_ON_EMPTY_BEANS) ) (through reference chain: com.xrtb.exchanges.Nexage["rootNode"]->org.codehaus.jackson.node.ObjectNode["_children"]->java.util.LinkedHashMap["imp"]->org.codehaus.jackson.node.ArrayNode["_children"]->java.util.ArrayList[0]->org.codehaus.jackson.node.ObjectNode["_children"]->java.util.LinkedHashMap["banner"]->org.codehaus.jackson.node.ObjectNode["_nodeFactory"])
	at org.redisson.codec.JsonJacksonCodec.encodeValue(JsonJacksonCodec.java:123)
	at org.redisson.codec.RedisCodecWrapper.encodeValue(RedisCodecWrapper.java:52)
	at com.lambdaworks.redis.protocol.CommandArgs.addValue(CommandArgs.java:74)
	at com.lambdaworks.redis.RedisAsyncConnection.publish(RedisAsyncConnection.java:598)
	at org.redisson.RedissonTopic$1.execute(RedissonTopic.java:51)
	at org.redisson.async.ResultOperation.execute(ResultOperation.java:27)
	at org.redisson.connection.MasterSlaveConnectionManager.writeAsync(MasterSlaveConnectionManager.java:231)
	at org.redisson.connection.MasterSlaveConnectionManager.writeAsync(MasterSlaveConnectionManager.java:196)
	at org.redisson.RedissonTopic.publishAsync(RedissonTopic.java:48)
	at org.redisson.RedissonTopic.publish(RedissonTopic.java:43)
	at com.xrtb.bidder.Publisher.run(Controller.java:431)
	at java.lang.Thread.run(Thread.java:745)
Caused by: com.fasterxml.jackson.databind.JsonMappingException: No serializer found for class org.codehaus.jackson.node.JsonNodeFactory and no properties discovered to create BeanSerializer (to avoid exception, disable SerializationFeature.FAIL_ON_EMPTY_BEANS) ) (through reference chain: com.xrtb.exchanges.Nexage["rootNode"]->org.codehaus.jackson.node.ObjectNode["_children"]->java.util.LinkedHashMap["imp"]->org.codehaus.jackson.node.ArrayNode["_children"]->java.util.ArrayList[0]->org.codehaus.jackson.node.ObjectNode["_children"]->java.util.LinkedHashMap["banner"]->org.codehaus.jackson.node.ObjectNode["_nodeFactory"])
	at com.fasterxml.jackson.databind.ser.impl.UnknownSerializer.failForEmpty(UnknownSerializer.java:59)
	at com.fasterxml.jackson.databind.ser.impl.UnknownSerializer.serializeWithType(UnknownSerializer.java:39)
	at com.fasterxml.jackson.databind.ser.BeanPropertyWriter.serializeAsField(BeanPropertyWriter.java:507)
	at com.fasterxml.jackson.databind.ser.std.BeanSerializerBase.serializeFields(BeanSerializerBase.java:639)
	at com.fasterxml.jackson.databind.ser.std.BeanSerializerBase.serializeWithType(BeanSerializerBase.java:525)
	at com.fasterxml.jackson.databind.ser.std.MapSerializer.serializeTypedFields(MapSerializer.java:645)
	at com.fasterxml.jackson.databind.ser.std.MapSerializer.serializeFields(MapSerializer.java:451)
	at com.fasterxml.jackson.databind.ser.std.MapSerializer.serializeWithType(MapSerializer.java:431)
	at com.fasterxml.jackson.databind.ser.std.MapSerializer.serializeWithType(MapSerializer.java:27)
	at com.fasterxml.jackson.databind.ser.BeanPropertyWriter.serializeAsField(BeanPropertyWriter.java:507)
	at com.fasterxml.jackson.databind.ser.std.BeanSerializerBase.serializeFields(BeanSerializerBase.java:639)
	at com.fasterxml.jackson.databind.ser.std.BeanSerializerBase.serializeWithType(BeanSerializerBase.java:525)
	at com.fasterxml.jackson.databind.ser.impl.IndexedListSerializer.serializeTypedContents(IndexedListSerializer.java:163)
	at com.fasterxml.jackson.databind.ser.impl.IndexedListSerializer.serializeContents(IndexedListSerializer.java:73)
	at com.fasterxml.jackson.databind.ser.impl.IndexedListSerializer.serializeContents(IndexedListSerializer.java:21)
	at com.fasterxml.jackson.databind.ser.std.AsArraySerializerBase.serializeWithType(AsArraySerializerBase.java:195)
	at com.fasterxml.jackson.databind.ser.BeanPropertyWriter.serializeAsField(BeanPropertyWriter.java:507)
	at com.fasterxml.jackson.databind.ser.std.BeanSerializerBase.serializeFields(BeanSerializerBase.java:639)
	at com.fasterxml.jackson.databind.ser.std.BeanSerializerBase.serializeWithType(BeanSerializerBase.java:525)
	at com.fasterxml.jackson.databind.ser.std.MapSerializer.serializeTypedFields(MapSerializer.java:645)
	at com.fasterxml.jackson.databind.ser.std.MapSerializer.serializeFields(MapSerializer.java:451)
	at com.fasterxml.jackson.databind.ser.std.MapSerializer.serializeWithType(MapSerializer.java:431)
	at com.fasterxml.jackson.databind.ser.std.MapSerializer.serializeWithType(MapSerializer.java:27)
	at com.fasterxml.jackson.databind.ser.BeanPropertyWriter.serializeAsField(BeanPropertyWriter.java:507)
	at com.fasterxml.jackson.databind.ser.std.BeanSerializerBase.serializeFields(BeanSerializerBase.java:639)
	at com.fasterxml.jackson.databind.ser.std.BeanSerializerBase.serializeWithType(BeanSerializerBase.java:525)
	at com.fasterxml.jackson.databind.ser.BeanPropertyWriter.serializeAsField(BeanPropertyWriter.java:507)
	at com.fasterxml.jackson.databind.ser.std.BeanSerializerBase.serializeFields(BeanSerializerBase.java:639)
	at com.fasterxml.jackson.databind.ser.std.BeanSerializerBase.serializeWithType(BeanSerializerBase.java:525)
	at com.fasterxml.jackson.databind.ser.impl.TypeWrappedSerializer.serialize(TypeWrappedSerializer.java:35)
	at com.fasterxml.jackson.databind.ser.DefaultSerializerProvider.serializeValue(DefaultSerializerProvider.java:128)
	at com.fasterxml.jackson.databind.ObjectMapper._configAndWriteValue(ObjectMapper.java:2881)
	at com.fasterxml.jackson.databind.ObjectMapper.writeValueAsBytes(ObjectMapper.java:2362)
	at org.redisson.codec.JsonJacksonCodec.encodeValue(JsonJacksonCodec.java:121)
	... 11 more
java.lang.IllegalStateException: com.fasterxml.jackson.databind.JsonMappingException: No serializer found for class org.codehaus.jackson.node.JsonNodeFactory and no properties discovered to create BeanSerializer (to avoid exception, disable SerializationFeature.FAIL_ON_EMPTY_BEANS) ) (through reference chain: com.xrtb.pojo.BidResponse["br"]->com.xrtb.exchanges.Nexage["rootNode"]->org.codehaus.jackson.node.ObjectNode["_children"]->java.util.LinkedHashMap["imp"]->org.codehaus.jackson.node.ArrayNode["_children"]->java.util.ArrayList[0]->org.codehaus.jackson.node.ObjectNode["_children"]->java.util.LinkedHashMap["banner"]->org.codehaus.jackson.node.ObjectNode["_nodeFactory"])
	at org.redisson.codec.JsonJacksonCodec.encodeValue(JsonJacksonCodec.java:123)
	at org.redisson.codec.RedisCodecWrapper.encodeValue(RedisCodecWrapper.java:52)
	at com.lambdaworks.redis.protocol.CommandArgs.addValue(CommandArgs.java:74)
	at com.lambdaworks.redis.RedisAsyncConnection.publish(RedisAsyncConnection.java:598)
	at org.redisson.RedissonTopic$1.execute(RedissonTopic.java:51)
	at org.redisson.async.ResultOperation.execute(ResultOperation.java:27)
	at org.redisson.connection.MasterSlaveConnectionManager.writeAsync(MasterSlaveConnectionManager.java:231)
	at org.redisson.connection.MasterSlaveConnectionManager.writeAsync(MasterSlaveConnectionManager.java:196)
	at org.redisson.RedissonTopic.publishAsync(RedissonTopic.java:48)
	at org.redisson.RedissonTopic.publish(RedissonTopic.java:43)
	at com.xrtb.bidder.Publisher.run(Controller.java:431)
	at java.lang.Thread.run(Thread.java:745)
Caused by: com.fasterxml.jackson.databind.JsonMappingException: No serializer found for class org.codehaus.jackson.node.JsonNodeFactory and no properties discovered to create BeanSerializer (to avoid exception, disable SerializationFeature.FAIL_ON_EMPTY_BEANS) ) (through reference chain: com.xrtb.pojo.BidResponse["br"]->com.xrtb.exchanges.Nexage["rootNode"]->org.codehaus.jackson.node.ObjectNode["_children"]->java.util.LinkedHashMap["imp"]->org.codehaus.jackson.node.ArrayNode["_children"]->java.util.ArrayList[0]->org.codehaus.jackson.node.ObjectNode["_children"]->java.util.LinkedHashMap["banner"]->org.codehaus.jackson.node.ObjectNode["_nodeFactory"])
	at com.fasterxml.jackson.databind.ser.impl.UnknownSerializer.failForEmpty(UnknownSerializer.java:59)
	at com.fasterxml.jackson.databind.ser.impl.UnknownSerializer.serializeWithType(UnknownSerializer.java:39)
	at com.fasterxml.jackson.databind.ser.BeanPropertyWriter.serializeAsField(BeanPropertyWriter.java:507)
	at com.fasterxml.jackson.databind.ser.std.BeanSerializerBase.serializeFields(BeanSerializerBase.java:639)
	at com.fasterxml.jackson.databind.ser.std.BeanSerializerBase.serializeWithType(BeanSerializerBase.java:525)
	at com.fasterxml.jackson.databind.ser.std.MapSerializer.serializeTypedFields(MapSerializer.java:645)
	at com.fasterxml.jackson.databind.ser.std.MapSerializer.serializeFields(MapSerializer.java:451)
	at com.fasterxml.jackson.databind.ser.std.MapSerializer.serializeWithType(MapSerializer.java:431)
	at com.fasterxml.jackson.databind.ser.std.MapSerializer.serializeWithType(MapSerializer.java:27)
	at com.fasterxml.jackson.databind.ser.BeanPropertyWriter.serializeAsField(BeanPropertyWriter.java:507)
	at com.fasterxml.jackson.databind.ser.std.BeanSerializerBase.serializeFields(BeanSerializerBase.java:639)
	at com.fasterxml.jackson.databind.ser.std.BeanSerializerBase.serializeWithType(BeanSerializerBase.java:525)
	at com.fasterxml.jackson.databind.ser.impl.IndexedListSerializer.serializeTypedContents(IndexedListSerializer.java:163)
	at com.fasterxml.jackson.databind.ser.impl.IndexedListSerializer.serializeContents(IndexedListSerializer.java:73)
	at com.fasterxml.jackson.databind.ser.impl.IndexedListSerializer.serializeContents(IndexedListSerializer.java:21)
	at com.fasterxml.jackson.databind.ser.std.AsArraySerializerBase.serializeWithType(AsArraySerializerBase.java:195)
	at com.fasterxml.jackson.databind.ser.BeanPropertyWriter.serializeAsField(BeanPropertyWriter.java:507)
	at com.fasterxml.jackson.databind.ser.std.BeanSerializerBase.serializeFields(BeanSerializerBase.java:639)
	at com.fasterxml.jackson.databind.ser.std.BeanSerializerBase.serializeWithType(BeanSerializerBase.java:525)
	at com.fasterxml.jackson.databind.ser.std.MapSerializer.serializeTypedFields(MapSerializer.java:645)
	at com.fasterxml.jackson.databind.ser.std.MapSerializer.serializeFields(MapSerializer.java:451)
	at com.fasterxml.jackson.databind.ser.std.MapSerializer.serializeWithType(MapSerializer.java:431)
	at com.fasterxml.jackson.databind.ser.std.MapSerializer.serializeWithType(MapSerializer.java:27)
	at com.fasterxml.jackson.databind.ser.BeanPropertyWriter.serializeAsField(BeanPropertyWriter.java:507)
	at com.fasterxml.jackson.databind.ser.std.BeanSerializerBase.serializeFields(BeanSerializerBase.java:639)
	at com.fasterxml.jackson.databind.ser.std.BeanSerializerBase.serializeWithType(BeanSerializerBase.java:525)
	at com.fasterxml.jackson.databind.ser.BeanPropertyWriter.serializeAsField(BeanPropertyWriter.java:507)
	at com.fasterxml.jackson.databind.ser.std.BeanSerializerBase.serializeFields(BeanSerializerBase.java:639)
	at com.fasterxml.jackson.databind.ser.std.BeanSerializerBase.serializeWithType(BeanSerializerBase.java:525)
	at com.fasterxml.jackson.databind.ser.BeanPropertyWriter.serializeAsField(BeanPropertyWriter.java:507)
	at com.fasterxml.jackson.databind.ser.std.BeanSerializerBase.serializeFields(BeanSerializerBase.java:639)
	at com.fasterxml.jackson.databind.ser.std.BeanSerializerBase.serializeWithType(BeanSerializerBase.java:525)
	at com.fasterxml.jackson.databind.ser.impl.TypeWrappedSerializer.serialize(TypeWrappedSerializer.java:35)
	at com.fasterxml.jackson.databind.ser.DefaultSerializerProvider.serializeValue(DefaultSerializerProvider.java:128)
	at com.fasterxml.jackson.databind.ObjectMapper._configAndWriteValue(ObjectMapper.java:2881)
	at com.fasterxml.jackson.databind.ObjectMapper.writeValueAsBytes(ObjectMapper.java:2362)
	at org.redisson.codec.JsonJacksonCodec.encodeValue(JsonJacksonCodec.java:121)
	... 11 more
]]></system-err>

  </testsuite>
</testsuites>
