<?xml version="1.0" encoding="UTF-8" ?>
<testsuite errors="0" failures="0" hostname="ben-OptiPlex-780" name="com.xrtb.tests.TestCampaignProcessor" skipped="0" tests="3" time="0.752" timestamp="2014-12-11T19:31:01">
  <properties>
[...]
</properties>
  <testcase classname="com.xrtb.tests.TestCampaignProcessor" name="testOneMatching" time="0.71" />
  <testcase classname="com.xrtb.tests.TestCampaignProcessor" name="testTwoMatchingCampaigns" time="0.0" />
  <testcase classname="com.xrtb.tests.TestCampaignProcessor" name="testNoCampaigns" time="0.0" />
  <system-out><![CDATA[TEST: site.domain = true
TEST: user.geo.country = true
-->{
  "seatbid": [
    {
      "seat": "null",
      "bid": [
        {
          "impid": "23skiddoo",
          "id": "35c22289-06e2-48e9-a0cd-94aeb79fab43",
          "price": 5.0,
          "adid": "id123",
          "nurl": "http://localhost:9090/rtb/win/null/5.0/42.378/-71.227/id123/a46ab936-f42b-4368-a606-85614876f5b6/http%3A%2F%2Frtb4.tapinsystems.net%2F%3F%7Bsiteid%7D/http%3A%2F%2Fd21a3h018cqvjt.cloudfront.net%2Frtbiq%2FIQ_070913_320x50.gif%3Fadid%3D%7Badid%7D%26%2338%3Bbidid%3D%7Boid%7D",
          "cid": "id123",
          "crid": "23skiddoo",
          "iurl": "http://d21a3h018cqvjt.cloudfront.net/rtbiq/IQ_070913_320x50.gif?adid\u003d{adid}\u0026#38;bidid\u003d{oid}",
          "adomain": "originator.com",
          "adm": "\u003ctemplate here\u003e"
        }
      ]
    }
  ],
  "id": "a46ab936-f42b-4368-a606-85614876f5b6",
  "bidid": "35c22289-06e2-48e9-a0cd-94aeb79fab43"
}
]]></system-out>
  <system-err><![CDATA[]]></system-err>
</testsuite>
